RUN	main.UserSimulation	usersimulation	1639340263270	 	3.7.2
USER	Post new Post	START	1639340263924
USER	Delete Post	START	1639340263929
USER	Put Post	START	1639340263927
USER	Get Post	START	1639340263925
USER	Get Post	START	1639340264117
USER	Put Post	START	1639340264117
USER	Delete Post	START	1639340264118
USER	Post new Post	START	1639340264170
REQUEST		Post new Post	1639340263947	1639340264298	OK	 
USER	Post new Post	END	1639340264306
REQUEST		Post new Post	1639340263947	1639340264298	OK	 
REQUEST		Post new Post	1639340263947	1639340264273	OK	 
REQUEST		Post new Post	1639340263947	1639340264298	OK	 
USER	Delete Post	START	1639340264315
USER	Get Post	START	1639340264315
USER	Put Post	START	1639340264319
REQUEST		Get Post	1639340264312	1639340264331	OK	 
USER	Get Post	END	1639340264331
USER	Post new Post	START	1639340264420
REQUEST		Post new Post	1639340264118	1639340264443	OK	 
REQUEST		Post new Post	1639340264118	1639340264454	OK	 
REQUEST		Post new Post	1639340264171	1639340264468	OK	 
USER	Post new Post	END	1639340264470
REQUEST		Post new Post	1639340264119	1639340264473	OK	 
REQUEST		Get Post	1639340264444	1639340264494	OK	 
USER	Get Post	END	1639340264495
USER	Delete Post	START	1639340264516
USER	Put Post	START	1639340264516
USER	Get Post	START	1639340264516
REQUEST		Delete Post	1639340264314	1639340264536	OK	 
USER	Delete Post	END	1639340264537
REQUEST		Put Post	1639340264312	1639340264576	OK	 
USER	Put Post	END	1639340264577
REQUEST		Post new Post	1639340264315	1639340264589	OK	 
REQUEST		Post new Post	1639340264315	1639340264602	OK	 
REQUEST		Get Post	1639340264603	1639340264619	OK	 
USER	Get Post	END	1639340264620
REQUEST		Post new Post	1639340264319	1639340264633	OK	 
USER	Post new Post	START	1639340264673
REQUEST		Post new Post	1639340264421	1639340264699	OK	 
USER	Post new Post	END	1639340264699
REQUEST		Delete Post	1639340264474	1639340264700	OK	 
USER	Delete Post	END	1639340264700
REQUEST		Put Post	1639340264456	1639340264710	OK	 
USER	Put Post	END	1639340264711
USER	Delete Post	START	1639340264715
USER	Get Post	START	1639340264715
USER	Put Post	START	1639340264719
REQUEST		Post new Post	1639340264516	1639340264806	OK	 
REQUEST		Post new Post	1639340264516	1639340264838	OK	 
REQUEST		Post new Post	1639340264516	1639340264840	OK	 
REQUEST		Delete Post	1639340264590	1639340264844	OK	 
USER	Delete Post	END	1639340264845
REQUEST		Put Post	1639340264634	1639340264885	OK	 
USER	Put Post	END	1639340264886
REQUEST		Get Post	1639340264840	1639340264891	OK	 
USER	Get Post	END	1639340264892
USER	Get Post	START	1639340264916
USER	Delete Post	START	1639340264920
USER	Put Post	START	1639340264920
USER	Post new Post	START	1639340264921
REQUEST		Post new Post	1639340264715	1639340264981	OK	 
REQUEST		Post new Post	1639340264715	1639340265002	OK	 
REQUEST		Post new Post	1639340264673	1639340265013	OK	 
USER	Post new Post	END	1639340265014
REQUEST		Get Post	1639340265003	1639340265022	OK	 
USER	Get Post	END	1639340265023
REQUEST		Post new Post	1639340264720	1639340265057	OK	 
REQUEST		Put Post	1639340264807	1639340265060	OK	 
USER	Put Post	END	1639340265061
REQUEST		Delete Post	1639340264839	1639340265072	OK	 
USER	Delete Post	END	1639340265073
USER	Delete Post	START	1639340265119
USER	Get Post	START	1639340265119
USER	Put Post	START	1639340265120
REQUEST		Post new Post	1639340264920	1639340265180	OK	 
REQUEST		Post new Post	1639340264917	1639340265230	OK	 
REQUEST		Delete Post	1639340264982	1639340265231	OK	 
USER	Delete Post	END	1639340265232
REQUEST		Post new Post	1639340264920	1639340265236	OK	 
USER	Post new Post	START	1639340265255
REQUEST		Post new Post	1639340264921	1639340265270	OK	 
USER	Post new Post	END	1639340265271
REQUEST		Get Post	1639340265232	1639340265277	OK	 
USER	Get Post	END	1639340265278
REQUEST		Put Post	1639340265059	1639340265283	OK	 
USER	Put Post	END	1639340265284
USER	Get Post	START	1639340265317
USER	Delete Post	START	1639340265320
USER	Put Post	START	1639340265320
REQUEST		Post new Post	1639340265120	1639340265390	OK	 
REQUEST		Post new Post	1639340265120	1639340265433	OK	 
REQUEST		Put Post	1639340265181	1639340265448	OK	 
USER	Put Post	END	1639340265449
REQUEST		Post new Post	1639340265120	1639340265458	OK	 
REQUEST		Delete Post	1639340265236	1639340265462	OK	 
USER	Delete Post	END	1639340265462
USER	Delete Post	START	1639340265518
USER	Get Post	START	1639340265519
REQUEST		Get Post	1639340265459	1639340265520	OK	 
USER	Put Post	START	1639340265520
USER	Get Post	END	1639340265521
REQUEST		Post new Post	1639340265256	1639340265568	OK	 
USER	Post new Post	END	1639340265569
REQUEST		Post new Post	1639340265320	1639340265588	OK	 
USER	Post new Post	START	1639340265589
REQUEST		Post new Post	1639340265320	1639340265621	OK	 
REQUEST		Delete Post	1639340265391	1639340265642	OK	 
USER	Delete Post	END	1639340265642
REQUEST		Post new Post	1639340265318	1639340265653	OK	 
REQUEST		Put Post	1639340265433	1639340265671	OK	 
USER	Put Post	END	1639340265672
REQUEST		Get Post	1639340265653	1639340265704	OK	 
USER	Get Post	END	1639340265705
USER	Get Post	START	1639340265716
USER	Delete Post	START	1639340265716
USER	Put Post	START	1639340265719
REQUEST		Post new Post	1639340265519	1639340265801	OK	 
REQUEST		Post new Post	1639340265519	1639340265831	OK	 
REQUEST		Get Post	1639340265832	1639340265845	OK	 
USER	Get Post	END	1639340265846
REQUEST		Put Post	1639340265589	1639340265848	OK	 
USER	Put Post	END	1639340265848
REQUEST		Post new Post	1639340265520	1639340265858	OK	 
REQUEST		Delete Post	1639340265622	1639340265871	OK	 
USER	Delete Post	END	1639340265872
REQUEST		Post new Post	1639340265590	1639340265918	OK	 
USER	Post new Post	END	1639340265918
USER	Delete Post	START	1639340265920
USER	Put Post	START	1639340265920
USER	Get Post	START	1639340265920
USER	Post new Post	START	1639340265922
REQUEST		Post new Post	1639340265720	1639340266028	OK	 
REQUEST		Post new Post	1639340265717	1639340266040	OK	 
REQUEST		Post new Post	1639340265717	1639340266045	OK	 
REQUEST		Delete Post	1639340265803	1639340266063	OK	 
USER	Delete Post	END	1639340266064
REQUEST		Put Post	1639340265860	1639340266087	OK	 
USER	Put Post	END	1639340266088
REQUEST		Get Post	1639340266046	1639340266104	OK	 
USER	Get Post	END	1639340266105
USER	Put Post	START	1639340266117
USER	Delete Post	START	1639340266117
USER	Get Post	START	1639340266117
REQUEST		Post new Post	1639340265920	1639340266224	OK	 
REQUEST		Post new Post	1639340265920	1639340266228	OK	 
REQUEST		Post new Post	1639340265923	1639340266238	OK	 
USER	Post new Post	END	1639340266238
USER	Post new Post	START	1639340266250
REQUEST		Post new Post	1639340265920	1639340266255	OK	 
REQUEST		Put Post	1639340266029	1639340266260	OK	 
USER	Put Post	END	1639340266261
REQUEST		Delete Post	1639340266041	1639340266280	OK	 
USER	Delete Post	END	1639340266281
REQUEST		Get Post	1639340266225	1639340266283	OK	 
USER	Get Post	END	1639340266283
USER	Delete Post	START	1639340266314
USER	Get Post	START	1639340266314
USER	Put Post	START	1639340266315
REQUEST		Post new Post	1639340266117	1639340266383	OK	 
REQUEST		Get Post	1639340266383	1639340266398	OK	 
USER	Get Post	END	1639340266399
REQUEST		Put Post	1639340266229	1639340266454	OK	 
USER	Put Post	END	1639340266455
REQUEST		Post new Post	1639340266117	1639340266455	OK	 
REQUEST		Post new Post	1639340266117	1639340266465	OK	 
REQUEST		Delete Post	1639340266256	1639340266494	OK	 
USER	Delete Post	END	1639340266495
USER	Delete Post	START	1639340266517
USER	Put Post	START	1639340266517
USER	Get Post	START	1639340266517
REQUEST		Post new Post	1639340266251	1639340266573	OK	 
USER	Post new Post	END	1639340266574
USER	Post new Post	START	1639340266584
REQUEST		Post new Post	1639340266315	1639340266598	OK	 
REQUEST		Post new Post	1639340266315	1639340266607	OK	 
REQUEST		Post new Post	1639340266315	1639340266639	OK	 
REQUEST		Get Post	1639340266608	1639340266640	OK	 
USER	Get Post	END	1639340266641
REQUEST		Put Post	1639340266456	1639340266681	OK	 
USER	Put Post	END	1639340266682
USER	Get Post	START	1639340266719
USER	Delete Post	START	1639340266719
USER	Put Post	START	1639340266720
REQUEST		Delete Post	1639340266466	1639340266731	OK	 
USER	Delete Post	END	1639340266732
REQUEST		Post new Post	1639340266518	1639340266802	OK	 
REQUEST		Get Post	1639340266804	1639340266821	OK	 
USER	Get Post	END	1639340266822
REQUEST		Post new Post	1639340266518	1639340266831	OK	 
REQUEST		Post new Post	1639340266518	1639340266854	OK	 
REQUEST		Put Post	1639340266640	1639340266875	OK	 
USER	Put Post	END	1639340266876
REQUEST		Delete Post	1639340266599	1639340266886	OK	 
USER	Delete Post	END	1639340266887
REQUEST		Post new Post	1639340266585	1639340266906	OK	 
USER	Post new Post	END	1639340266907
USER	Delete Post	START	1639340266918
USER	Post new Post	START	1639340266918
USER	Get Post	START	1639340266918
USER	Put Post	START	1639340266918
REQUEST		Post new Post	1639340266720	1639340266988	OK	 
REQUEST		Post new Post	1639340266720	1639340267021	OK	 
REQUEST		Get Post	1639340267022	1639340267038	OK	 
USER	Get Post	END	1639340267039
REQUEST		Post new Post	1639340266720	1639340267047	OK	 
REQUEST		Delete Post	1639340266832	1639340267084	OK	 
USER	Delete Post	END	1639340267085
REQUEST		Put Post	1639340266855	1639340267087	OK	 
USER	Put Post	END	1639340267088
USER	Delete Post	START	1639340267114
USER	Put Post	START	1639340267114
USER	Get Post	START	1639340267115
USER	Post new Post	START	1639340267167
REQUEST		Post new Post	1639340266919	1639340267177	OK	 
USER	Post new Post	END	1639340267177
REQUEST		Post new Post	1639340266919	1639340267199	OK	 
REQUEST		Get Post	1639340267199	1639340267210	OK	 
USER	Get Post	END	1639340267211
REQUEST		Post new Post	1639340266919	1639340267230	OK	 
REQUEST		Delete Post	1639340266989	1639340267242	OK	 
USER	Delete Post	END	1639340267242
REQUEST		Post new Post	1639340266919	1639340267255	OK	 
REQUEST		Put Post	1639340267048	1639340267288	OK	 
USER	Put Post	END	1639340267289
USER	Put Post	START	1639340267317
USER	Get Post	START	1639340267317
USER	Delete Post	START	1639340267317
REQUEST		Post new Post	1639340267115	1639340267373	OK	 
REQUEST		Get Post	1639340267374	1639340267388	OK	 
USER	Get Post	END	1639340267388
REQUEST		Post new Post	1639340267115	1639340267414	OK	 
USER	Post new Post	START	1639340267417
REQUEST		Post new Post	1639340267115	1639340267425	OK	 
REQUEST		Post new Post	1639340267168	1639340267433	OK	 
USER	Post new Post	END	1639340267434
REQUEST		Delete Post	1639340267232	1639340267478	OK	 
USER	Delete Post	END	1639340267478
REQUEST		Put Post	1639340267256	1639340267489	OK	 
USER	Put Post	END	1639340267490
USER	Put Post	START	1639340267516
USER	Delete Post	START	1639340267516
USER	Get Post	START	1639340267516
REQUEST		Post new Post	1639340267317	1639340267607	OK	 
REQUEST		Get Post	1639340267608	1639340267622	OK	 
USER	Get Post	END	1639340267623
REQUEST		Post new Post	1639340267317	1639340267638	OK	 
REQUEST		Put Post	1639340267426	1639340267649	OK	 
USER	Put Post	END	1639340267650
REQUEST		Post new Post	1639340267317	1639340267651	OK	 
USER	Post new Post	START	1639340267666
REQUEST		Delete Post	1639340267415	1639340267670	OK	 
USER	Delete Post	END	1639340267671
REQUEST		Post new Post	1639340267418	1639340267693	OK	 
USER	Post new Post	END	1639340267694
USER	Put Post	START	1639340267714
USER	Get Post	START	1639340267714
USER	Delete Post	START	1639340267714
REQUEST		Post new Post	1639340267516	1639340267775	OK	 
REQUEST		Post new Post	1639340267516	1639340267809	OK	 
REQUEST		Post new Post	1639340267516	1639340267829	OK	 
REQUEST		Put Post	1639340267639	1639340267885	OK	 
REQUEST		Get Post	1639340267830	1639340267885	OK	 
REQUEST		Delete Post	1639340267651	1639340267885	OK	 
USER	Get Post	END	1639340267886
USER	Put Post	END	1639340267886
USER	Delete Post	END	1639340267886
USER	Post new Post	START	1639340267914
USER	Get Post	START	1639340267914
USER	Put Post	START	1639340267914
USER	Delete Post	START	1639340267914
REQUEST		Post new Post	1639340267715	1639340267990	OK	 
REQUEST		Post new Post	1639340267715	1639340267990	OK	 
REQUEST		Get Post	1639340267991	1639340268010	OK	 
USER	Get Post	END	1639340268011
REQUEST		Delete Post	1639340267810	1639340268029	OK	 
USER	Delete Post	END	1639340268030
REQUEST		Put Post	1639340267776	1639340268035	OK	 
REQUEST		Post new Post	1639340267714	1639340268034	OK	 
USER	Put Post	END	1639340268036
REQUEST		Post new Post	1639340267666	1639340268071	OK	 
USER	Post new Post	END	1639340268072
USER	Put Post	START	1639340268117
USER	Get Post	START	1639340268117
USER	Delete Post	START	1639340268117
REQUEST		Post new Post	1639340267915	1639340268178	OK	 
REQUEST		Post new Post	1639340267915	1639340268182	OK	 
USER	Post new Post	END	1639340268182
REQUEST		Post new Post	1639340267915	1639340268187	OK	 
REQUEST		Get Post	1639340268187	1639340268207	OK	 
USER	Get Post	END	1639340268208
REQUEST		Post new Post	1639340267915	1639340268208	OK	 
REQUEST		Delete Post	1639340267991	1639340268250	OK	 
USER	Post new Post	START	1639340268250
USER	Delete Post	END	1639340268251
REQUEST		Put Post	1639340268036	1639340268271	OK	 
USER	Put Post	END	1639340268272
USER	Put Post	START	1639340268318
USER	Get Post	START	1639340268318
USER	Delete Post	START	1639340268318
REQUEST		Post new Post	1639340268117	1639340268381	OK	 
REQUEST		Post new Post	1639340268117	1639340268392	OK	 
REQUEST		Delete Post	1639340268179	1639340268429	OK	 
USER	Delete Post	END	1639340268429
REQUEST		Post new Post	1639340268117	1639340268448	OK	 
REQUEST		Get Post	1639340268448	1639340268502	OK	 
USER	Get Post	END	1639340268502
REQUEST		Put Post	1639340268209	1639340268503	OK	 
USER	Put Post	END	1639340268503
USER	Put Post	START	1639340268517
USER	Delete Post	START	1639340268519
USER	Get Post	START	1639340268519
REQUEST		Post new Post	1639340268250	1639340268569	OK	 
USER	Post new Post	END	1639340268570
REQUEST		Post new Post	1639340268318	1639340268578	OK	 
REQUEST		Post new Post	1639340268318	1639340268583	OK	 
USER	Post new Post	START	1639340268584
REQUEST		Post new Post	1639340268318	1639340268594	OK	 
REQUEST		Get Post	1639340268584	1639340268601	OK	 
USER	Get Post	END	1639340268601
REQUEST		Put Post	1639340268383	1639340268635	OK	 
USER	Put Post	END	1639340268636
REQUEST		Delete Post	1639340268394	1639340268645	OK	 
USER	Delete Post	END	1639340268646
USER	Get Post	START	1639340268714
USER	Delete Post	START	1639340268715
USER	Put Post	START	1639340268715
REQUEST		Post new Post	1639340268517	1639340268777	OK	 
REQUEST		Post new Post	1639340268519	1639340268784	OK	 
REQUEST		Post new Post	1639340268519	1639340268797	OK	 
REQUEST		Get Post	1639340268798	1639340268811	OK	 
USER	Get Post	END	1639340268812
REQUEST		Delete Post	1639340268579	1639340268837	OK	 
USER	Delete Post	END	1639340268838
REQUEST		Put Post	1639340268594	1639340268850	OK	 
USER	Put Post	END	1639340268850
REQUEST		Post new Post	1639340268584	1639340268850	OK	 
USER	Post new Post	END	1639340268851
USER	Get Post	START	1639340268917
USER	Post new Post	START	1639340268917
USER	Put Post	START	1639340268918
USER	Delete Post	START	1639340268920
REQUEST		Post new Post	1639340268715	1639340268980	OK	 
REQUEST		Get Post	1639340268981	1639340268991	OK	 
USER	Get Post	END	1639340268992
REQUEST		Post new Post	1639340268715	1639340269004	OK	 
REQUEST		Post new Post	1639340268715	1639340269013	OK	 
REQUEST		Put Post	1639340268778	1639340269032	OK	 
USER	Put Post	END	1639340269033
REQUEST		Delete Post	1639340268785	1639340269037	OK	 
USER	Delete Post	END	1639340269038
USER	Put Post	START	1639340269118
USER	Get Post	START	1639340269118
USER	Delete Post	START	1639340269118
REQUEST		Post new Post	1639340268918	1639340269181	OK	 
REQUEST		Post new Post	1639340268920	1639340269198	OK	 
REQUEST		Post new Post	1639340268917	1639340269202	OK	 
USER	Post new Post	END	1639340269203
REQUEST		Post new Post	1639340268917	1639340269227	OK	 
USER	Post new Post	START	1639340269250
REQUEST		Delete Post	1639340269005	1639340269255	OK	 
USER	Delete Post	END	1639340269256
REQUEST		Put Post	1639340269014	1639340269274	OK	 
USER	Put Post	END	1639340269274
REQUEST		Get Post	1639340269228	1639340269288	OK	 
USER	Get Post	END	1639340269288
USER	Put Post	START	1639340269318
USER	Get Post	START	1639340269318
USER	Delete Post	START	1639340269318
REQUEST		Post new Post	1639340269118	1639340269394	OK	 
REQUEST		Post new Post	1639340269118	1639340269398	OK	 
REQUEST		Get Post	1639340269399	1639340269413	OK	 
USER	Get Post	END	1639340269413
REQUEST		Post new Post	1639340269118	1639340269430	OK	 
REQUEST		Put Post	1639340269182	1639340269437	OK	 
USER	Put Post	END	1639340269438
REQUEST		Delete Post	1639340269199	1639340269447	OK	 
USER	Delete Post	END	1639340269448
USER	Get Post	START	1639340269519
USER	Delete Post	START	1639340269519
USER	Put Post	START	1639340269519
REQUEST		Post new Post	1639340269251	1639340269542	OK	 
USER	Post new Post	END	1639340269543
REQUEST		Post new Post	1639340269319	1639340269577	OK	 
USER	Post new Post	START	1639340269580
REQUEST		Post new Post	1639340269319	1639340269613	OK	 
REQUEST		Post new Post	1639340269319	1639340269637	OK	 
REQUEST		Put Post	1639340269395	1639340269650	OK	 
USER	Put Post	END	1639340269651
REQUEST		Delete Post	1639340269432	1639340269664	OK	 
USER	Delete Post	END	1639340269665
REQUEST		Get Post	1639340269638	1639340269687	OK	 
USER	Get Post	END	1639340269687
USER	Put Post	START	1639340269716
USER	Delete Post	START	1639340269716
USER	Get Post	START	1639340269716
REQUEST		Post new Post	1639340269519	1639340269787	OK	 
REQUEST		Post new Post	1639340269520	1639340269787	OK	 
REQUEST		Post new Post	1639340269519	1639340269803	OK	 
REQUEST		Get Post	1639340269788	1639340269805	OK	 
USER	Get Post	END	1639340269806
REQUEST		Put Post	1639340269578	1639340269838	OK	 
USER	Put Post	END	1639340269839
REQUEST		Post new Post	1639340269581	1639340269847	OK	 
USER	Post new Post	END	1639340269848
REQUEST		Delete Post	1639340269614	1639340269870	OK	 
USER	Delete Post	END	1639340269871
USER	Get Post	START	1639340269915
USER	Delete Post	START	1639340269915
USER	Put Post	START	1639340269915
USER	Post new Post	START	1639340269919
REQUEST		Post new Post	1639340269717	1639340269977	OK	 
REQUEST		Post new Post	1639340269717	1639340269986	OK	 
REQUEST		Get Post	1639340269987	1639340270003	OK	 
USER	Get Post	END	1639340270003
REQUEST		Post new Post	1639340269717	1639340270043	OK	 
REQUEST		Delete Post	1639340269788	1639340270045	OK	 
USER	Delete Post	END	1639340270046
REQUEST		Put Post	1639340269804	1639340270057	OK	 
USER	Put Post	END	1639340270058
USER	Put Post	START	1639340270119
USER	Get Post	START	1639340270119
USER	Delete Post	START	1639340270119
USER	Post new Post	START	1639340270164
REQUEST		Post new Post	1639340269919	1639340270186	OK	 
USER	Post new Post	END	1639340270187
REQUEST		Post new Post	1639340269915	1639340270208	OK	 
REQUEST		Delete Post	1639340269978	1639340270238	OK	 
USER	Delete Post	END	1639340270239
REQUEST		Post new Post	1639340269915	1639340270241	OK	 
REQUEST		Post new Post	1639340269915	1639340270253	OK	 
REQUEST		Get Post	1639340270209	1639340270258	OK	 
USER	Get Post	END	1639340270258
REQUEST		Put Post	1639340270044	1639340270292	OK	 
USER	Put Post	END	1639340270293
USER	Delete Post	START	1639340270317
USER	Put Post	START	1639340270317
USER	Get Post	START	1639340270317
REQUEST		Post new Post	1639340270119	1639340270380	OK	 
REQUEST		Get Post	1639340270381	1639340270402	OK	 
USER	Get Post	END	1639340270402
USER	Post new Post	START	1639340270416
REQUEST		Post new Post	1639340270119	1639340270456	OK	 
REQUEST		Put Post	1639340270242	1639340270467	OK	 
USER	Put Post	END	1639340270467
REQUEST		Post new Post	1639340270119	1639340270470	OK	 
REQUEST		Delete Post	1639340270253	1639340270477	OK	 
USER	Delete Post	END	1639340270477
REQUEST		Post new Post	1639340270164	1639340270507	OK	 
USER	Post new Post	END	1639340270507
USER	Delete Post	START	1639340270516
USER	Get Post	START	1639340270516
USER	Put Post	START	1639340270516
REQUEST		Post new Post	1639340270318	1639340270581	OK	 
REQUEST		Post new Post	1639340270318	1639340270645	OK	 
USER	Post new Post	START	1639340270666
REQUEST		Put Post	1639340270457	1639340270697	OK	 
REQUEST		Post new Post	1639340270416	1639340270697	OK	 
USER	Post new Post	END	1639340270698
USER	Put Post	END	1639340270698
REQUEST		Get Post	1639340270646	1639340270707	OK	 
USER	Get Post	END	1639340270707
REQUEST		Delete Post	1639340270470	1639340270708	OK	 
USER	Delete Post	END	1639340270709
USER	Get Post	START	1639340270718
USER	Put Post	START	1639340270719
USER	Delete Post	START	1639340270719
REQUEST		Post new Post	1639340270516	1639340270774	OK	 
REQUEST		Post new Post	1639340270516	1639340270802	OK	 
REQUEST		Post new Post	1639340270516	1639340270827	OK	 
REQUEST		Put Post	1639340270582	1639340270837	OK	 
USER	Put Post	END	1639340270838
REQUEST		Get Post	1639340270828	1639340270876	OK	 
USER	Get Post	END	1639340270877
USER	Post new Post	START	1639340270917
USER	Put Post	START	1639340270918
USER	Get Post	START	1639340270918
USER	Delete Post	START	1639340270919
REQUEST		Post new Post	1639340270318	1639340270937	OK	 
REQUEST		Post new Post	1639340270666	1639340270977	OK	 
USER	Post new Post	END	1639340270978
REQUEST		Post new Post	1639340270719	1639340270995	OK	 
REQUEST		Post new Post	1639340270719	1639340271011	OK	 
REQUEST		Put Post	1639340270775	1639340271041	OK	 
USER	Put Post	END	1639340271042
REQUEST		Delete Post	1639340270803	1639340271056	OK	 
USER	Delete Post	END	1639340271057
REQUEST		Post new Post	1639340270719	1639340271057	OK	 
REQUEST		Get Post	1639340271011	1639340271105	OK	 
USER	Get Post	END	1639340271106
USER	Put Post	START	1639340271114
USER	Get Post	START	1639340271114
USER	Delete Post	START	1639340271114
REQUEST		Delete Post	1639340270938	1639340271160	OK	 
USER	Delete Post	END	1639340271161
REQUEST		Post new Post	1639340270919	1639340271187	OK	 
REQUEST		Post new Post	1639340270919	1639340271187	OK	 
REQUEST		Get Post	1639340271188	1639340271206	OK	 
USER	Get Post	END	1639340271208
REQUEST		Post new Post	1639340270917	1639340271240	OK	 
USER	Post new Post	END	1639340271241
REQUEST		Post new Post	1639340270919	1639340271247	OK	 
REQUEST		Put Post	1639340270996	1639340271249	OK	 
USER	Put Post	END	1639340271250
USER	Post new Post	START	1639340271250
REQUEST		Delete Post	1639340271058	1639340271300	OK	 
USER	Delete Post	END	1639340271301
USER	Put Post	START	1639340271317
USER	Delete Post	START	1639340271317
USER	Get Post	START	1639340271317
REQUEST		Post new Post	1639340271114	1639340271382	OK	 
REQUEST		Post new Post	1639340271114	1639340271389	OK	 
REQUEST		Get Post	1639340271390	1639340271405	OK	 
USER	Get Post	END	1639340271405
REQUEST		Post new Post	1639340271114	1639340271439	OK	 
REQUEST		Delete Post	1639340271188	1639340271440	OK	 
USER	Delete Post	END	1639340271441
REQUEST		Put Post	1639340271248	1639340271474	OK	 
USER	Put Post	END	1639340271475
USER	Get Post	START	1639340271519
USER	Put Post	START	1639340271519
USER	Delete Post	START	1639340271519
REQUEST		Post new Post	1639340271250	1639340271522	OK	 
USER	Post new Post	END	1639340271522
REQUEST		Post new Post	1639340271317	1639340271576	OK	 
USER	Post new Post	START	1639340271584
REQUEST		Post new Post	1639340271317	1639340271598	OK	 
REQUEST		Post new Post	1639340271317	1639340271604	OK	 
REQUEST		Get Post	1639340271605	1639340271617	OK	 
USER	Get Post	END	1639340271617
REQUEST		Put Post	1639340271383	1639340271656	OK	 
USER	Put Post	END	1639340271656
REQUEST		Delete Post	1639340271440	1639340271666	OK	 
USER	Delete Post	END	1639340271667
USER	Get Post	START	1639340271717
USER	Delete Post	START	1639340271717
USER	Put Post	START	1639340271717
REQUEST		Post new Post	1639340271519	1639340271795	OK	 
REQUEST		Post new Post	1639340271519	1639340271814	OK	 
REQUEST		Get Post	1639340271815	1639340271828	OK	 
USER	Get Post	END	1639340271829
REQUEST		Put Post	1639340271576	1639340271835	OK	 
REQUEST		Post new Post	1639340271519	1639340271835	OK	 
USER	Put Post	END	1639340271836
REQUEST		Delete Post	1639340271599	1639340271853	OK	 
USER	Delete Post	END	1639340271854
REQUEST		Post new Post	1639340271584	1639340271856	OK	 
USER	Post new Post	END	1639340271856
USER	Delete Post	START	1639340271915
USER	Put Post	START	1639340271915
USER	Get Post	START	1639340271915
USER	Post new Post	START	1639340271920
REQUEST		Post new Post	1639340271717	1639340271994	OK	 
REQUEST		Post new Post	1639340271717	1639340272004	OK	 
REQUEST		Post new Post	1639340271717	1639340272007	OK	 
REQUEST		Get Post	1639340271995	1639340272011	OK	 
USER	Get Post	END	1639340272011
REQUEST		Put Post	1639340271796	1639340272048	OK	 
USER	Put Post	END	1639340272048
REQUEST		Delete Post	1639340271836	1639340272059	OK	 
USER	Delete Post	END	1639340272059
USER	Get Post	START	1639340272114
USER	Delete Post	START	1639340272114
USER	Put Post	START	1639340272114
REQUEST		Post new Post	1639340271915	1639340272182	OK	 
REQUEST		Post new Post	1639340271915	1639340272210	OK	 
REQUEST		Post new Post	1639340271915	1639340272238	OK	 
REQUEST		Post new Post	1639340271920	1639340272245	OK	 
USER	Post new Post	END	1639340272245
USER	Post new Post	START	1639340272246
REQUEST		Put Post	1639340272007	1639340272265	OK	 
REQUEST		Delete Post	1639340272005	1639340272265	OK	 
USER	Put Post	END	1639340272266
USER	Delete Post	END	1639340272266
REQUEST		Get Post	1639340272239	1639340272294	OK	 
USER	Get Post	END	1639340272294
USER	Get Post	START	1639340272319
USER	Delete Post	START	1639340272319
USER	Put Post	START	1639340272319
REQUEST		Post new Post	1639340272114	1639340272379	OK	 
REQUEST		Post new Post	1639340272114	1639340272421	OK	 
REQUEST		Put Post	1639340272183	1639340272435	OK	 
USER	Put Post	END	1639340272435
REQUEST		Post new Post	1639340272114	1639340272446	OK	 
REQUEST		Delete Post	1639340272211	1639340272463	OK	 
USER	Delete Post	END	1639340272464
REQUEST		Get Post	1639340272447	1639340272498	OK	 
USER	Get Post	END	1639340272499
USER	Delete Post	START	1639340272513
USER	Get Post	START	1639340272515
USER	Put Post	START	1639340272515
REQUEST		Post new Post	1639340272246	1639340272516	OK	 
USER	Post new Post	END	1639340272517
REQUEST		Post new Post	1639340272319	1639340272580	OK	 
USER	Post new Post	START	1639340272580
REQUEST		Post new Post	1639340272319	1639340272583	OK	 
REQUEST		Get Post	1639340272580	1639340272595	OK	 
USER	Get Post	END	1639340272595
REQUEST		Put Post	1639340272380	1639340272653	OK	 
USER	Put Post	END	1639340272654
REQUEST		Post new Post	1639340272319	1639340272658	OK	 
REQUEST		Delete Post	1639340272421	1639340272662	OK	 
USER	Delete Post	END	1639340272663
USER	Get Post	START	1639340272718
USER	Put Post	START	1639340272718
USER	Delete Post	START	1639340272718
REQUEST		Post new Post	1639340272514	1639340272778	OK	 
REQUEST		Post new Post	1639340272515	1639340272839	OK	 
REQUEST		Delete Post	1639340272584	1639340272842	OK	 
USER	Delete Post	END	1639340272842
REQUEST		Post new Post	1639340272580	1639340272849	OK	 
USER	Post new Post	END	1639340272850
REQUEST		Post new Post	1639340272515	1639340272852	OK	 
REQUEST		Put Post	1639340272659	1639340272880	OK	 
USER	Put Post	END	1639340272881
REQUEST		Get Post	1639340272840	1639340272885	OK	 
USER	Get Post	END	1639340272886
USER	Get Post	START	1639340272914
USER	Delete Post	START	1639340272914
USER	Post new Post	START	1639340272915
USER	Put Post	START	1639340272915
REQUEST		Post new Post	1639340272719	1639340272980	OK	 
REQUEST		Post new Post	1639340272719	1639340272993	OK	 
REQUEST		Get Post	1639340272994	1639340273006	OK	 
USER	Get Post	END	1639340273007
REQUEST		Delete Post	1639340272779	1639340273047	OK	 
USER	Delete Post	END	1639340273048
REQUEST		Post new Post	1639340272719	1639340273078	OK	 
REQUEST		Put Post	1639340272853	1639340273093	OK	 
USER	Put Post	END	1639340273094
USER	Delete Post	START	1639340273114
USER	Put Post	START	1639340273114
USER	Get Post	START	1639340273115
USER	Post new Post	START	1639340273169
REQUEST		Post new Post	1639340272915	1639340273178	OK	 
USER	Post new Post	END	1639340273179
REQUEST		Post new Post	1639340272915	1639340273189	OK	 
REQUEST		Post new Post	1639340272915	1639340273193	OK	 
REQUEST		Post new Post	1639340272915	1639340273228	OK	 
REQUEST		Delete Post	1639340272981	1639340273245	OK	 
USER	Delete Post	END	1639340273246
REQUEST		Get Post	1639340273229	1639340273275	OK	 
USER	Get Post	END	1639340273276
USER	Put Post	START	1639340273318
USER	Get Post	START	1639340273318
USER	Delete Post	START	1639340273318
REQUEST		Put Post	1639340273079	1639340273329	OK	 
USER	Put Post	END	1639340273329
USER	Post new Post	START	1639340273418
REQUEST		Post new Post	1639340273114	1639340273435	OK	 
REQUEST		Post new Post	1639340273115	1639340273436	OK	 
REQUEST		Post new Post	1639340273114	1639340273438	OK	 
REQUEST		Post new Post	1639340273170	1639340273439	OK	 
USER	Post new Post	END	1639340273439
REQUEST		Put Post	1639340273189	1639340273442	OK	 
USER	Put Post	END	1639340273443
REQUEST		Delete Post	1639340273194	1639340273447	OK	 
USER	Delete Post	END	1639340273447
REQUEST		Get Post	1639340273436	1639340273488	OK	 
USER	Get Post	END	1639340273488
USER	Get Post	START	1639340273517
USER	Delete Post	START	1639340273517
USER	Put Post	START	1639340273517
REQUEST		Post new Post	1639340273319	1639340273583	OK	 
REQUEST		Get Post	1639340273584	1639340273591	OK	 
USER	Get Post	END	1639340273592
REQUEST		Post new Post	1639340273318	1639340273628	OK	 
REQUEST		Delete Post	1639340273435	1639340273662	OK	 
USER	Delete Post	END	1639340273663
USER	Post new Post	START	1639340273666
REQUEST		Post new Post	1639340273419	1639340273681	OK	 
USER	Post new Post	END	1639340273682
REQUEST		Put Post	1639340273439	1639340273697	OK	 
USER	Put Post	END	1639340273698
REQUEST		Post new Post	1639340273319	1639340273705	OK	 
USER	Delete Post	START	1639340273716
USER	Put Post	START	1639340273716
USER	Get Post	START	1639340273716
REQUEST		Post new Post	1639340273518	1639340273780	OK	 
REQUEST		Post new Post	1639340273518	1639340273784	OK	 
REQUEST		Post new Post	1639340273518	1639340273845	OK	 
REQUEST		Put Post	1639340273629	1639340273848	OK	 
USER	Put Post	END	1639340273849
REQUEST		Get Post	1639340273846	1639340273898	OK	 
USER	Get Post	END	1639340273899
USER	Put Post	START	1639340273919
USER	Post new Post	START	1639340273919
USER	Delete Post	START	1639340273919
USER	Get Post	START	1639340273919
REQUEST		Delete Post	1639340273706	1639340273930	OK	 
USER	Delete Post	END	1639340273931
REQUEST		Post new Post	1639340273717	1639340273976	OK	 
REQUEST		Post new Post	1639340273666	1639340273985	OK	 
USER	Post new Post	END	1639340273986
REQUEST		Post new Post	1639340273717	1639340273993	OK	 
REQUEST		Post new Post	1639340273717	1639340273994	OK	 
REQUEST		Get Post	1639340273994	1639340274006	OK	 
USER	Get Post	END	1639340274007
REQUEST		Delete Post	1639340273781	1639340274032	OK	 
USER	Delete Post	END	1639340274033
REQUEST		Put Post	1639340273784	1639340274046	OK	 
USER	Put Post	END	1639340274047
USER	Get Post	START	1639340274117
USER	Delete Post	START	1639340274117
USER	Put Post	START	1639340274117
REQUEST		Post new Post	1639340273919	1639340274179	OK	 
REQUEST		Post new Post	1639340273919	1639340274229	OK	 
USER	Post new Post	END	1639340274230
REQUEST		Delete Post	1639340273976	1639340274233	OK	 
USER	Delete Post	END	1639340274234
REQUEST		Post new Post	1639340273919	1639340274235	OK	 
REQUEST		Post new Post	1639340273919	1639340274238	OK	 
USER	Post new Post	START	1639340274247
REQUEST		Put Post	1639340273994	1639340274248	OK	 
USER	Put Post	END	1639340274249
REQUEST		Get Post	1639340274239	1639340274287	OK	 
USER	Get Post	END	1639340274287
USER	Delete Post	START	1639340274313
USER	Get Post	START	1639340274314
USER	Put Post	START	1639340274314
REQUEST		Post new Post	1639340274117	1639340274380	OK	 
REQUEST		Get Post	1639340274381	1639340274411	OK	 
USER	Get Post	END	1639340274411
REQUEST		Post new Post	1639340274117	1639340274423	OK	 
REQUEST		Put Post	1639340274180	1639340274428	OK	 
USER	Put Post	END	1639340274429
REQUEST		Post new Post	1639340274117	1639340274433	OK	 
REQUEST		Delete Post	1639340274235	1639340274482	OK	 
USER	Delete Post	END	1639340274483
USER	Put Post	START	1639340274515
USER	Get Post	START	1639340274515
USER	Delete Post	START	1639340274518
REQUEST		Post new Post	1639340274247	1639340274580	OK	 
USER	Post new Post	END	1639340274581
USER	Post new Post	START	1639340274580
REQUEST		Post new Post	1639340274314	1639340274590	OK	 
REQUEST		Post new Post	1639340274315	1639340274633	OK	 
REQUEST		Post new Post	1639340274315	1639340274635	OK	 
REQUEST		Delete Post	1639340274434	1639340274661	OK	 
USER	Delete Post	END	1639340274662
REQUEST		Put Post	1639340274424	1639340274677	OK	 
USER	Put Post	END	1639340274677
REQUEST		Get Post	1639340274635	1639340274707	OK	 
USER	Get Post	END	1639340274707
USER	Delete Post	START	1639340274715
USER	Put Post	START	1639340274715
USER	Get Post	START	1639340274719
REQUEST		Post new Post	1639340274516	1639340274779	OK	 
REQUEST		Get Post	1639340274780	1639340274792	OK	 
USER	Get Post	END	1639340274793
REQUEST		Post new Post	1639340274516	1639340274833	OK	 
REQUEST		Post new Post	1639340274518	1639340274838	OK	 
REQUEST		Delete Post	1639340274590	1639340274851	OK	 
USER	Delete Post	END	1639340274851
REQUEST		Post new Post	1639340274581	1639340274853	OK	 
USER	Post new Post	END	1639340274854
REQUEST		Put Post	1639340274634	1639340274874	OK	 
USER	Put Post	END	1639340274874
USER	Post new Post	START	1639340274916
USER	Get Post	START	1639340274916
USER	Delete Post	START	1639340274916
USER	Put Post	START	1639340274916
REQUEST		Post new Post	1639340274716	1639340274995	OK	 
REQUEST		Post new Post	1639340274716	1639340275034	OK	 
REQUEST		Post new Post	1639340274719	1639340275060	OK	 
REQUEST		Delete Post	1639340274839	1639340275079	OK	 
USER	Delete Post	END	1639340275079
REQUEST		Put Post	1639340274834	1639340275086	OK	 
USER	Put Post	END	1639340275087
REQUEST		Get Post	1639340275061	1639340275110	OK	 
USER	Get Post	END	1639340275111
USER	Put Post	START	1639340275117
USER	Delete Post	START	1639340275117
USER	Get Post	START	1639340275117
REQUEST		Post new Post	1639340274916	1639340275181	OK	 
REQUEST		Post new Post	1639340274916	1639340275184	OK	 
USER	Post new Post	END	1639340275185
REQUEST		Post new Post	1639340274916	1639340275234	OK	 
REQUEST		Put Post	1639340274996	1639340275250	OK	 
USER	Put Post	END	1639340275251
USER	Post new Post	START	1639340275250
REQUEST		Delete Post	1639340275035	1639340275270	OK	 
REQUEST		Post new Post	1639340274916	1639340275270	OK	 
USER	Delete Post	END	1639340275270
REQUEST		Get Post	1639340275235	1639340275288	OK	 
USER	Get Post	END	1639340275288
USER	Delete Post	START	1639340275316
USER	Put Post	START	1639340275316
USER	Get Post	START	1639340275316
REQUEST		Post new Post	1639340275118	1639340275392	OK	 
REQUEST		Put Post	1639340275181	1639340275455	OK	 
USER	Put Post	END	1639340275456
REQUEST		Post new Post	1639340275118	1639340275457	OK	 
REQUEST		Post new Post	1639340275118	1639340275464	OK	 
REQUEST		Get Post	1639340275457	1639340275511	OK	 
USER	Get Post	END	1639340275511
USER	Delete Post	START	1639340275518
USER	Get Post	START	1639340275518
USER	Put Post	START	1639340275518
REQUEST		Delete Post	1639340275271	1639340275522	OK	 
USER	Delete Post	END	1639340275523
REQUEST		Post new Post	1639340275251	1639340275561	OK	 
USER	Post new Post	END	1639340275562
REQUEST		Post new Post	1639340275316	1639340275574	OK	 
REQUEST		Post new Post	1639340275316	1639340275579	OK	 
USER	Post new Post	START	1639340275582
REQUEST		Get Post	1639340275579	1639340275592	OK	 
USER	Get Post	END	1639340275592
REQUEST		Post new Post	1639340275316	1639340275644	OK	 
REQUEST		Put Post	1639340275393	1639340275648	OK	 
USER	Put Post	END	1639340275649
USER	Get Post	START	1639340275718
USER	Put Post	START	1639340275718
USER	Delete Post	START	1639340275718
REQUEST		Delete Post	1639340275465	1639340275760	OK	 
USER	Delete Post	END	1639340275761
REQUEST		Post new Post	1639340275518	1639340275786	OK	 
REQUEST		Post new Post	1639340275518	1639340275787	OK	 
REQUEST		Post new Post	1639340275518	1639340275791	OK	 
REQUEST		Get Post	1639340275788	1639340275800	OK	 
USER	Get Post	END	1639340275800
REQUEST		Delete Post	1639340275574	1639340275823	OK	 
USER	Delete Post	END	1639340275824
REQUEST		Post new Post	1639340275582	1639340275869	OK	 
USER	Post new Post	END	1639340275869
REQUEST		Put Post	1639340275645	1639340275894	OK	 
USER	Put Post	END	1639340275895
USER	Put Post	START	1639340275918
USER	Get Post	START	1639340275918
USER	Post new Post	START	1639340275918
USER	Delete Post	START	1639340275918
REQUEST		Post new Post	1639340275719	1639340275985	OK	 
REQUEST		Put Post	1639340275787	1639340276037	OK	 
REQUEST		Post new Post	1639340275719	1639340276037	OK	 
USER	Put Post	END	1639340276037
REQUEST		Post new Post	1639340275719	1639340276049	OK	 
REQUEST		Delete Post	1639340275791	1639340276056	OK	 
USER	Delete Post	END	1639340276057
REQUEST		Get Post	1639340276038	1639340276091	OK	 
USER	Get Post	END	1639340276092
USER	Put Post	START	1639340276114
USER	Delete Post	START	1639340276119
USER	Get Post	START	1639340276119
USER	Post new Post	START	1639340276167
REQUEST		Post new Post	1639340275918	1639340276181	OK	 
REQUEST		Post new Post	1639340275918	1639340276231	OK	 
REQUEST		Delete Post	1639340275985	1639340276238	OK	 
USER	Delete Post	END	1639340276238
REQUEST		Post new Post	1639340275918	1639340276246	OK	 
REQUEST		Post new Post	1639340275918	1639340276261	OK	 
USER	Post new Post	END	1639340276262
REQUEST		Get Post	1639340276231	1639340276280	OK	 
USER	Get Post	END	1639340276280
REQUEST		Put Post	1639340276050	1639340276289	OK	 
USER	Put Post	END	1639340276290
USER	Delete Post	START	1639340276317
USER	Put Post	START	1639340276317
USER	Get Post	START	1639340276319
REQUEST		Post new Post	1639340276119	1639340276417	OK	 
USER	Post new Post	START	1639340276417
REQUEST		Post new Post	1639340276167	1639340276427	OK	 
USER	Post new Post	END	1639340276428
REQUEST		Post new Post	1639340276119	1639340276431	OK	 
REQUEST		Post new Post	1639340276114	1639340276440	OK	 
REQUEST		Delete Post	1639340276181	1639340276441	OK	 
USER	Delete Post	END	1639340276441
REQUEST		Get Post	1639340276432	1639340276481	OK	 
USER	Get Post	END	1639340276482
REQUEST		Put Post	1639340276246	1639340276492	OK	 
USER	Put Post	END	1639340276492
USER	Delete Post	START	1639340276515
USER	Put Post	START	1639340276515
USER	Get Post	START	1639340276515
REQUEST		Post new Post	1639340276319	1639340276578	OK	 
REQUEST		Post new Post	1639340276317	1639340276579	OK	 
REQUEST		Post new Post	1639340276317	1639340276591	OK	 
REQUEST		Get Post	1639340276579	1639340276594	OK	 
USER	Get Post	END	1639340276595
USER	Post new Post	START	1639340276669
REQUEST		Put Post	1639340276440	1639340276673	OK	 
USER	Put Post	END	1639340276674
REQUEST		Delete Post	1639340276418	1639340276684	OK	 
USER	Delete Post	END	1639340276685
REQUEST		Post new Post	1639340276417	1639340276689	OK	 
USER	Post new Post	END	1639340276689
USER	Get Post	START	1639340276714
USER	Delete Post	START	1639340276714
USER	Put Post	START	1639340276714
REQUEST		Post new Post	1639340276516	1639340276774	OK	 
REQUEST		Post new Post	1639340276516	1639340276782	OK	 
REQUEST		Get Post	1639340276775	1639340276784	OK	 
USER	Get Post	END	1639340276785
REQUEST		Post new Post	1639340276516	1639340276788	OK	 
REQUEST		Put Post	1639340276580	1639340276839	OK	 
USER	Put Post	END	1639340276839
REQUEST		Delete Post	1639340276592	1639340276841	OK	 
USER	Delete Post	END	1639340276842
USER	Post new Post	START	1639340276917
USER	Get Post	START	1639340276917
USER	Put Post	START	1639340276917
USER	Delete Post	START	1639340276917
REQUEST		Post new Post	1639340276669	1639340276926	OK	 
USER	Post new Post	END	1639340276927
REQUEST		Post new Post	1639340276714	1639340276983	OK	 
REQUEST		Get Post	1639340276983	1639340276995	OK	 
USER	Get Post	END	1639340276996
REQUEST		Post new Post	1639340276714	1639340277017	OK	 
REQUEST		Delete Post	1639340276788	1639340277038	OK	 
USER	Delete Post	END	1639340277039
REQUEST		Put Post	1639340276782	1639340277042	OK	 
USER	Put Post	END	1639340277043
REQUEST		Post new Post	1639340276714	1639340277055	OK	 
USER	Put Post	START	1639340277116
USER	Get Post	START	1639340277116
USER	Delete Post	START	1639340277119
REQUEST		Post new Post	1639340276917	1639340277192	OK	 
REQUEST		Post new Post	1639340276917	1639340277214	OK	 
REQUEST		Post new Post	1639340276917	1639340277234	OK	 
USER	Post new Post	END	1639340277235
REQUEST		Post new Post	1639340276917	1639340277235	OK	 
REQUEST		Delete Post	1639340277018	1639340277240	OK	 
USER	Delete Post	END	1639340277241
USER	Post new Post	START	1639340277249
REQUEST		Put Post	1639340277056	1639340277286	OK	 
USER	Put Post	END	1639340277287
REQUEST		Get Post	1639340277236	1639340277288	OK	 
USER	Get Post	END	1639340277289
USER	Get Post	START	1639340277317
USER	Delete Post	START	1639340277317
USER	Put Post	START	1639340277317
REQUEST		Post new Post	1639340277116	1639340277383	OK	 
REQUEST		Post new Post	1639340277119	1639340277387	OK	 
REQUEST		Put Post	1639340277215	1639340277437	OK	 
USER	Put Post	END	1639340277438
REQUEST		Post new Post	1639340277116	1639340277438	OK	 
REQUEST		Delete Post	1639340277193	1639340277442	OK	 
USER	Delete Post	END	1639340277443
REQUEST		Get Post	1639340277438	1639340277483	OK	 
USER	Get Post	END	1639340277484
USER	Put Post	START	1639340277518
USER	Get Post	START	1639340277518
USER	Delete Post	START	1639340277518
REQUEST		Post new Post	1639340277249	1639340277525	OK	 
USER	Post new Post	END	1639340277525
USER	Post new Post	START	1639340277585
REQUEST		Post new Post	1639340277317	1639340277590	OK	 
REQUEST		Post new Post	1639340277317	1639340277634	OK	 
REQUEST		Put Post	1639340277384	1639340277638	OK	 
USER	Put Post	END	1639340277638
REQUEST		Post new Post	1639340277317	1639340277642	OK	 
REQUEST		Delete Post	1639340277388	1639340277659	OK	 
USER	Delete Post	END	1639340277659
REQUEST		Get Post	1639340277635	1639340277681	OK	 
USER	Get Post	END	1639340277681
USER	Delete Post	START	1639340277715
USER	Get Post	START	1639340277718
USER	Put Post	START	1639340277718
REQUEST		Post new Post	1639340277518	1639340277779	OK	 
REQUEST		Post new Post	1639340277518	1639340277784	OK	 
REQUEST		Post new Post	1639340277518	1639340277787	OK	 
REQUEST		Get Post	1639340277784	1639340277800	OK	 
USER	Get Post	END	1639340277801
REQUEST		Put Post	1639340277591	1639340277877	OK	 
USER	Put Post	END	1639340277878
REQUEST		Delete Post	1639340277642	1639340277882	OK	 
USER	Delete Post	END	1639340277882
REQUEST		Post new Post	1639340277585	1639340277907	OK	 
USER	Post new Post	END	1639340277908
USER	Post new Post	START	1639340277914
USER	Delete Post	START	1639340277919
USER	Put Post	START	1639340277920
USER	Get Post	START	1639340277920
REQUEST		Post new Post	1639340277718	1639340277987	OK	 
REQUEST		Get Post	1639340277987	1639340277999	OK	 
USER	Get Post	END	1639340278000
REQUEST		Post new Post	1639340277715	1639340278030	OK	 
REQUEST		Post new Post	1639340277718	1639340278030	OK	 
REQUEST		Put Post	1639340277780	1639340278037	OK	 
USER	Put Post	END	1639340278039
REQUEST		Delete Post	1639340277788	1639340278038	OK	 
USER	Delete Post	END	1639340278039
USER	Get Post	START	1639340278115
USER	Put Post	START	1639340278115
USER	Delete Post	START	1639340278116
REQUEST		Post new Post	1639340277915	1639340278185	OK	 
REQUEST		Post new Post	1639340277920	1639340278185	OK	 
USER	Post new Post	END	1639340278186
REQUEST		Post new Post	1639340277921	1639340278248	OK	 
USER	Post new Post	START	1639340278249
REQUEST		Put Post	1639340278031	1639340278253	OK	 
USER	Put Post	END	1639340278253
REQUEST		Delete Post	1639340278031	1639340278258	OK	 
USER	Delete Post	END	1639340278258
REQUEST		Post new Post	1639340277919	1639340278269	OK	 
REQUEST		Get Post	1639340278248	1639340278298	OK	 
USER	Get Post	END	1639340278299
USER	Delete Post	START	1639340278318
USER	Get Post	START	1639340278318
USER	Put Post	START	1639340278318
REQUEST		Post new Post	1639340278115	1639340278421	OK	 
REQUEST		Post new Post	1639340278115	1639340278427	OK	 
REQUEST		Put Post	1639340278186	1639340278446	OK	 
USER	Put Post	END	1639340278447
REQUEST		Post new Post	1639340278116	1639340278450	OK	 
REQUEST		Get Post	1639340278428	1639340278483	OK	 
USER	Get Post	END	1639340278484
REQUEST		Delete Post	1639340278269	1639340278503	OK	 
USER	Delete Post	END	1639340278504
USER	Put Post	START	1639340278518
USER	Delete Post	START	1639340278518
USER	Get Post	START	1639340278518
REQUEST		Post new Post	1639340278250	1639340278565	OK	 
USER	Post new Post	END	1639340278565
REQUEST		Post new Post	1639340278318	1639340278580	OK	 
USER	Post new Post	START	1639340278584
REQUEST		Post new Post	1639340278318	1639340278589	OK	 
REQUEST		Get Post	1639340278581	1639340278593	OK	 
USER	Get Post	END	1639340278594
REQUEST		Post new Post	1639340278318	1639340278629	OK	 
REQUEST		Put Post	1639340278422	1639340278663	OK	 
USER	Put Post	END	1639340278664
REQUEST		Delete Post	1639340278451	1639340278692	OK	 
USER	Delete Post	END	1639340278692
USER	Get Post	START	1639340278716
USER	Delete Post	START	1639340278720
USER	Put Post	START	1639340278720
REQUEST		Post new Post	1639340278518	1639340278827	OK	 
REQUEST		Post new Post	1639340278518	1639340278828	OK	 
REQUEST		Post new Post	1639340278518	1639340278830	OK	 
REQUEST		Post new Post	1639340278584	1639340278844	OK	 
USER	Post new Post	END	1639340278844
REQUEST		Put Post	1639340278590	1639340278850	OK	 
USER	Put Post	END	1639340278850
REQUEST		Delete Post	1639340278629	1639340278871	OK	 
USER	Delete Post	END	1639340278872
REQUEST		Get Post	1639340278827	1639340278873	OK	 
USER	Get Post	END	1639340278873
USER	Put Post	START	1639340278917
USER	Get Post	START	1639340278917
USER	Post new Post	START	1639340278917
USER	Delete Post	START	1639340278917
REQUEST		Post new Post	1639340278716	1639340278979	OK	 
REQUEST		Post new Post	1639340278721	1639340278979	OK	 
REQUEST		Get Post	1639340278979	1639340278991	OK	 
USER	Get Post	END	1639340278992
REQUEST		Post new Post	1639340278720	1639340279025	OK	 
REQUEST		Delete Post	1639340278830	1639340279062	OK	 
USER	Delete Post	END	1639340279063
REQUEST		Put Post	1639340278829	1639340279065	OK	 
USER	Put Post	END	1639340279066
USER	Put Post	START	1639340279114
USER	Get Post	START	1639340279114
USER	Delete Post	START	1639340279114
USER	Post new Post	START	1639340279167
REQUEST		Post new Post	1639340278917	1639340279181	OK	 
REQUEST		Get Post	1639340279182	1639340279195	OK	 
USER	Get Post	END	1639340279196
REQUEST		Post new Post	1639340278917	1639340279222	OK	 
REQUEST		Post new Post	1639340278917	1639340279227	OK	 
USER	Post new Post	END	1639340279227
REQUEST		Post new Post	1639340278917	1639340279231	OK	 
REQUEST		Put Post	1639340278979	1639340279239	OK	 
USER	Put Post	END	1639340279240
REQUEST		Delete Post	1639340279025	1639340279250	OK	 
USER	Delete Post	END	1639340279250
USER	Delete Post	START	1639340279316
USER	Get Post	START	1639340279316
USER	Put Post	START	1639340279316
REQUEST		Post new Post	1639340279114	1639340279374	OK	 
REQUEST		Get Post	1639340279375	1639340279389	OK	 
USER	Get Post	END	1639340279389
USER	Post new Post	START	1639340279418
REQUEST		Post new Post	1639340279167	1639340279422	OK	 
USER	Post new Post	END	1639340279422
REQUEST		Post new Post	1639340279114	1639340279423	OK	 
REQUEST		Delete Post	1639340279222	1639340279473	OK	 
USER	Delete Post	END	1639340279474
REQUEST		Post new Post	1639340279114	1639340279477	OK	 
REQUEST		Put Post	1639340279232	1639340279479	OK	 
USER	Put Post	END	1639340279479
USER	Delete Post	START	1639340279516
USER	Put Post	START	1639340279516
USER	Get Post	START	1639340279519
REQUEST		Post new Post	1639340279316	1639340279629	OK	 
REQUEST		Delete Post	1639340279423	1639340279648	OK	 
USER	Delete Post	END	1639340279649
REQUEST		Post new Post	1639340279316	1639340279650	OK	 
USER	Post new Post	START	1639340279666
REQUEST		Post new Post	1639340279316	1639340279687	OK	 
REQUEST		Get Post	1639340279650	1639340279698	OK	 
USER	Get Post	END	1639340279698
REQUEST		Put Post	1639340279478	1639340279708	OK	 
USER	Put Post	END	1639340279708
USER	Get Post	START	1639340279718
USER	Delete Post	START	1639340279718
USER	Put Post	START	1639340279718
REQUEST		Post new Post	1639340279418	1639340279744	OK	 
USER	Post new Post	END	1639340279744
REQUEST		Post new Post	1639340279519	1639340279784	OK	 
REQUEST		Get Post	1639340279784	1639340279800	OK	 
USER	Get Post	END	1639340279800
REQUEST		Post new Post	1639340279516	1639340279839	OK	 
REQUEST		Put Post	1639340279630	1639340279858	OK	 
USER	Put Post	END	1639340279858
USER	Delete Post	START	1639340279916
USER	Post new Post	START	1639340279916
USER	Put Post	START	1639340279916
USER	Get Post	START	1639340279916
REQUEST		Delete Post	1639340279687	1639340279924	OK	 
USER	Delete Post	END	1639340279925
REQUEST		Post new Post	1639340279719	1639340279985	OK	 
REQUEST		Post new Post	1639340279666	1639340279993	OK	 
REQUEST		Post new Post	1639340279719	1639340279993	OK	 
USER	Post new Post	END	1639340279993
REQUEST		Post new Post	1639340279719	1639340279995	OK	 
REQUEST		Get Post	1639340279986	1639340280000	OK	 
USER	Get Post	END	1639340280000
REQUEST		Delete Post	1639340279840	1639340280084	OK	 
USER	Delete Post	END	1639340280084
USER	Put Post	START	1639340280116
USER	Delete Post	START	1639340280116
USER	Get Post	START	1639340280116
REQUEST		Post new Post	1639340279916	1639340280193	OK	 
REQUEST		Get Post	1639340280193	1639340280206	OK	 
USER	Get Post	END	1639340280207
REQUEST		Post new Post	1639340279916	1639340280214	OK	 
REQUEST		Delete Post	1639340279993	1639340280244	OK	 
USER	Delete Post	END	1639340280245
REQUEST		Post new Post	1639340279916	1639340280248	OK	 
USER	Post new Post	END	1639340280248
USER	Post new Post	START	1639340280249
REQUEST		Post new Post	1639340279516	1639340280262	OK	 
REQUEST		Put Post	1639340279996	1639340280265	OK	 
USER	Put Post	END	1639340280265
REQUEST		Post new Post	1639340279916	1639340280280	OK	 
USER	Put Post	START	1639340280316
USER	Delete Post	START	1639340280316
USER	Get Post	START	1639340280316
REQUEST		Post new Post	1639340280117	1639340280422	OK	 
REQUEST		Post new Post	1639340280117	1639340280424	OK	 
REQUEST		Post new Post	1639340280117	1639340280442	OK	 
REQUEST		Put Post	1639340280214	1639340280474	OK	 
USER	Put Post	END	1639340280474
REQUEST		Get Post	1639340280424	1639340280475	OK	 
USER	Get Post	END	1639340280476
REQUEST		Post new Post	1639340280249	1639340280509	OK	 
USER	Post new Post	END	1639340280510
REQUEST		Delete Post	1639340280281	1639340280513	OK	 
USER	Delete Post	END	1639340280513
USER	Delete Post	START	1639340280515
USER	Put Post	START	1639340280515
USER	Get Post	START	1639340280518
REQUEST		Put Post	1639340280262	1639340280528	OK	 
USER	Put Post	END	1639340280529
USER	Post new Post	START	1639340280581
REQUEST		Post new Post	1639340280316	1639340280581	OK	 
REQUEST		Post new Post	1639340280316	1639340280583	OK	 
REQUEST		Get Post	1639340280583	1639340280591	OK	 
USER	Get Post	END	1639340280592
REQUEST		Post new Post	1639340280316	1639340280624	OK	 
REQUEST		Delete Post	1639340280423	1639340280639	OK	 
USER	Delete Post	END	1639340280639
REQUEST		Put Post	1639340280443	1639340280670	OK	 
USER	Put Post	END	1639340280670
USER	Get Post	START	1639340280716
USER	Put Post	START	1639340280716
USER	Delete Post	START	1639340280716
REQUEST		Post new Post	1639340280516	1639340280782	OK	 
REQUEST		Post new Post	1639340280516	1639340280802	OK	 
REQUEST		Delete Post	1639340280582	1639340280832	OK	 
USER	Delete Post	END	1639340280833
REQUEST		Post new Post	1639340280518	1639340280834	OK	 
REQUEST		Post new Post	1639340280581	1639340280847	OK	 
USER	Post new Post	END	1639340280848
REQUEST		Put Post	1639340280624	1639340280866	OK	 
USER	Put Post	END	1639340280867
REQUEST		Get Post	1639340280835	1639340280892	OK	 
USER	Get Post	END	1639340280893
USER	Put Post	START	1639340280915
USER	Get Post	START	1639340280915
USER	Delete Post	START	1639340280915
USER	Post new Post	START	1639340280915
REQUEST		Post new Post	1639340280716	1639340280983	OK	 
REQUEST		Post new Post	1639340280716	1639340280985	OK	 
REQUEST		Post new Post	1639340280716	1639340280987	OK	 
REQUEST		Get Post	1639340280985	1639340281003	OK	 
USER	Get Post	END	1639340281003
REQUEST		Delete Post	1639340280783	1639340281034	OK	 
USER	Delete Post	END	1639340281034
REQUEST		Put Post	1639340280802	1639340281081	OK	 
USER	Put Post	END	1639340281082
USER	Delete Post	START	1639340281113
USER	Get Post	START	1639340281113
USER	Put Post	START	1639340281113
REQUEST		Post new Post	1639340280915	1639340281214	OK	 
REQUEST		Post new Post	1639340280915	1639340281221	OK	 
REQUEST		Delete Post	1639340280984	1639340281238	OK	 
USER	Delete Post	END	1639340281238
REQUEST		Post new Post	1639340280915	1639340281239	OK	 
REQUEST		Put Post	1639340280987	1639340281240	OK	 
USER	Put Post	END	1639340281240
USER	Post new Post	START	1639340281248
REQUEST		Post new Post	1639340280915	1639340281262	OK	 
USER	Post new Post	END	1639340281262
REQUEST		Get Post	1639340281240	1639340281286	OK	 
USER	Get Post	END	1639340281286
USER	Get Post	START	1639340281316
USER	Delete Post	START	1639340281316
USER	Put Post	START	1639340281317
REQUEST		Post new Post	1639340281114	1639340281386	OK	 
REQUEST		Post new Post	1639340281114	1639340281396	OK	 
REQUEST		Post new Post	1639340281114	1639340281423	OK	 
REQUEST		Delete Post	1639340281222	1639340281444	OK	 
USER	Delete Post	END	1639340281444
REQUEST		Put Post	1639340281215	1639340281465	OK	 
USER	Put Post	END	1639340281466
REQUEST		Get Post	1639340281424	1639340281475	OK	 
USER	Get Post	END	1639340281476
USER	Get Post	START	1639340281518
USER	Delete Post	START	1639340281518
USER	Put Post	START	1639340281518
REQUEST		Post new Post	1639340281249	1639340281527	OK	 
USER	Post new Post	END	1639340281528
USER	Post new Post	START	1639340281581
REQUEST		Post new Post	1639340281317	1639340281590	OK	 
REQUEST		Post new Post	1639340281317	1639340281600	OK	 
REQUEST		Put Post	1639340281387	1639340281637	OK	 
USER	Put Post	END	1639340281638
REQUEST		Post new Post	1639340281317	1639340281668	OK	 
REQUEST		Delete Post	1639340281397	1639340281669	OK	 
USER	Delete Post	END	1639340281670
USER	Get Post	START	1639340281716
USER	Put Post	START	1639340281716
USER	Delete Post	START	1639340281716
REQUEST		Get Post	1639340281669	1639340281734	OK	 
USER	Get Post	END	1639340281735
REQUEST		Post new Post	1639340281518	1639340281774	OK	 
REQUEST		Post new Post	1639340281518	1639340281789	OK	 
REQUEST		Put Post	1639340281590	1639340281844	OK	 
REQUEST		Get Post	1639340281789	1639340281844	OK	 
USER	Put Post	END	1639340281844
USER	Get Post	END	1639340281844
REQUEST		Post new Post	1639340281581	1639340281857	OK	 
USER	Post new Post	END	1639340281857
REQUEST		Post new Post	1639340281518	1639340281870	OK	 
REQUEST		Delete Post	1639340281600	1639340281873	OK	 
USER	Delete Post	END	1639340281873
USER	Post new Post	START	1639340281918
USER	Get Post	START	1639340281918
USER	Delete Post	START	1639340281918
USER	Put Post	START	1639340281918
REQUEST		Post new Post	1639340281716	1639340281984	OK	 
REQUEST		Post new Post	1639340281716	1639340281986	OK	 
REQUEST		Post new Post	1639340281716	1639340282018	OK	 
REQUEST		Put Post	1639340281774	1639340282038	OK	 
USER	Put Post	END	1639340282039
REQUEST		Get Post	1639340282018	1639340282069	OK	 
USER	Get Post	END	1639340282070
REQUEST		Delete Post	1639340281871	1639340282108	OK	 
USER	Delete Post	END	1639340282108
USER	Delete Post	START	1639340282114
USER	Get Post	START	1639340282114
USER	Put Post	START	1639340282115
USER	Post new Post	START	1639340282164
REQUEST		Post new Post	1639340281919	1639340282200	OK	 
REQUEST		Post new Post	1639340281919	1639340282201	OK	 
REQUEST		Get Post	1639340282200	1639340282211	OK	 
USER	Get Post	END	1639340282212
REQUEST		Post new Post	1639340281919	1639340282235	OK	 
REQUEST		Delete Post	1639340281986	1639340282239	OK	 
USER	Delete Post	END	1639340282240
REQUEST		Put Post	1639340281984	1639340282249	OK	 
USER	Put Post	END	1639340282250
USER	Get Post	START	1639340282315
USER	Put Post	START	1639340282315
USER	Delete Post	START	1639340282318
REQUEST		Post new Post	1639340282115	1639340282375	OK	 
USER	Post new Post	START	1639340282415
REQUEST		Post new Post	1639340282115	1639340282443	OK	 
REQUEST		Put Post	1639340282202	1639340282460	OK	 
USER	Put Post	END	1639340282461
REQUEST		Delete Post	1639340282236	1639340282477	OK	 
USER	Delete Post	END	1639340282478
REQUEST		Post new Post	1639340282164	1639340282501	OK	 
USER	Post new Post	END	1639340282501
USER	Put Post	START	1639340282515
USER	Get Post	START	1639340282515
USER	Delete Post	START	1639340282515
REQUEST		Post new Post	1639340282318	1639340282586	OK	 
REQUEST		Post new Post	1639340282315	1639340282609	OK	 
REQUEST		Get Post	1639340282609	1639340282628	OK	 
USER	Get Post	END	1639340282628
REQUEST		Delete Post	1639340282376	1639340282633	OK	 
USER	Delete Post	END	1639340282633
REQUEST		Post new Post	1639340282315	1639340282634	OK	 
USER	Post new Post	START	1639340282667
REQUEST		Put Post	1639340282443	1639340282683	OK	 
USER	Put Post	END	1639340282683
USER	Delete Post	START	1639340282715
USER	Put Post	START	1639340282715
USER	Get Post	START	1639340282715
REQUEST		Post new Post	1639340282415	1639340282744	OK	 
USER	Post new Post	END	1639340282744
REQUEST		Post new Post	1639340282515	1639340282795	OK	 
REQUEST		Post new Post	1639340282515	1639340282795	OK	 
REQUEST		Post new Post	1639340282515	1639340282822	OK	 
REQUEST		Delete Post	1639340282586	1639340282861	OK	 
USER	Delete Post	END	1639340282862
REQUEST		Get Post	1639340282823	1639340282875	OK	 
USER	Get Post	END	1639340282875
REQUEST		Put Post	1639340282635	1639340282876	OK	 
USER	Put Post	END	1639340282876
USER	Post new Post	START	1639340282915
USER	Get Post	START	1639340282915
USER	Delete Post	START	1639340282915
USER	Put Post	START	1639340282915
REQUEST		Post new Post	1639340282715	1639340282980	OK	 
REQUEST		Get Post	1639340282980	1639340283004	OK	 
USER	Get Post	END	1639340283005
REQUEST		Post new Post	1639340282667	1639340283005	OK	 
USER	Post new Post	END	1639340283005
REQUEST		Post new Post	1639340282715	1639340283032	OK	 
REQUEST		Post new Post	1639340282715	1639340283032	OK	 
REQUEST		Put Post	1639340282796	1639340283061	OK	 
USER	Put Post	END	1639340283061
REQUEST		Delete Post	1639340282795	1639340283113	OK	 
USER	Delete Post	END	1639340283114
USER	Put Post	START	1639340283114
USER	Get Post	START	1639340283114
USER	Delete Post	START	1639340283114
REQUEST		Post new Post	1639340282915	1639340283176	OK	 
USER	Post new Post	END	1639340283176
REQUEST		Post new Post	1639340281919	1639340283202	OK	 
USER	Post new Post	END	1639340283202
REQUEST		Post new Post	1639340282915	1639340283241	OK	 
USER	Post new Post	START	1639340283247
REQUEST		Put Post	1639340283032	1639340283250	OK	 
USER	Put Post	END	1639340283251
REQUEST		Post new Post	1639340282915	1639340283255	OK	 
REQUEST		Post new Post	1639340282915	1639340283255	OK	 
REQUEST		Delete Post	1639340283032	1639340283256	OK	 
USER	Delete Post	END	1639340283257
REQUEST		Get Post	1639340283242	1639340283307	OK	 
USER	Get Post	END	1639340283308
USER	Get Post	START	1639340283315
USER	Put Post	START	1639340283319
USER	Delete Post	START	1639340283319
REQUEST		Post new Post	1639340283114	1639340283386	OK	 
REQUEST		Get Post	1639340283386	1639340283412	OK	 
USER	Get Post	END	1639340283412
REQUEST		Post new Post	1639340283114	1639340283416	OK	 
REQUEST		Post new Post	1639340283114	1639340283446	OK	 
REQUEST		Delete Post	1639340283255	1639340283487	OK	 
REQUEST		Put Post	1639340283255	1639340283488	OK	 
USER	Delete Post	END	1639340283488
USER	Put Post	END	1639340283488
USER	Get Post	START	1639340283514
USER	Put Post	START	1639340283514
USER	Delete Post	START	1639340283514
REQUEST		Post new Post	1639340283247	1639340283577	OK	 
USER	Post new Post	END	1639340283578
USER	Post new Post	START	1639340283582
REQUEST		Post new Post	1639340283319	1639340283636	OK	 
REQUEST		Post new Post	1639340283319	1639340283653	OK	 
REQUEST		Post new Post	1639340283315	1639340283654	OK	 
REQUEST		Put Post	1639340283416	1639340283667	OK	 
USER	Put Post	END	1639340283667
REQUEST		Delete Post	1639340283446	1639340283679	OK	 
USER	Delete Post	END	1639340283680
REQUEST		Get Post	1639340283654	1639340283715	OK	 
USER	Delete Post	START	1639340283715
USER	Put Post	START	1639340283715
USER	Get Post	START	1639340283715
USER	Get Post	END	1639340283716
REQUEST		Post new Post	1639340283514	1639340283774	OK	 
REQUEST		Post new Post	1639340283514	1639340283786	OK	 
REQUEST		Get Post	1639340283787	1639340283805	OK	 
USER	Get Post	END	1639340283805
REQUEST		Post new Post	1639340283514	1639340283823	OK	 
REQUEST		Post new Post	1639340283582	1639340283857	OK	 
USER	Post new Post	END	1639340283857
REQUEST		Delete Post	1639340283637	1639340283864	OK	 
USER	Delete Post	END	1639340283865
REQUEST		Put Post	1639340283654	1639340283875	OK	 
USER	Put Post	END	1639340283876
USER	Put Post	START	1639340283915
USER	Get Post	START	1639340283915
USER	Delete Post	START	1639340283915
USER	Post new Post	START	1639340283915
REQUEST		Post new Post	1639340283715	1639340283989	OK	 
REQUEST		Post new Post	1639340283715	1639340283990	OK	 
REQUEST		Post new Post	1639340283715	1639340283997	OK	 
REQUEST		Get Post	1639340283997	1639340284010	OK	 
USER	Get Post	END	1639340284011
REQUEST		Delete Post	1639340283774	1639340284042	OK	 
USER	Delete Post	END	1639340284043
REQUEST		Put Post	1639340283824	1639340284065	OK	 
USER	Put Post	END	1639340284065
USER	Get Post	START	1639340284116
USER	Delete Post	START	1639340284116
USER	Put Post	START	1639340284116
REQUEST		Post new Post	1639340283915	1639340284180	OK	 
REQUEST		Post new Post	1639340283915	1639340284192	OK	 
USER	Post new Post	END	1639340284192
REQUEST		Post new Post	1639340283915	1639340284201	OK	 
REQUEST		Get Post	1639340284201	1639340284213	OK	 
USER	Get Post	END	1639340284213
REQUEST		Delete Post	1639340283991	1639340284241	OK	 
USER	Delete Post	END	1639340284242
REQUEST		Post new Post	1639340283915	1639340284244	OK	 
REQUEST		Put Post	1639340283990	1639340284251	OK	 
USER	Post new Post	START	1639340284251
USER	Put Post	END	1639340284252
USER	Get Post	START	1639340284315
USER	Put Post	START	1639340284315
USER	Delete Post	START	1639340284319
REQUEST		Post new Post	1639340284116	1639340284379	OK	 
REQUEST		Post new Post	1639340284116	1639340284386	OK	 
REQUEST		Get Post	1639340284386	1639340284407	OK	 
USER	Get Post	END	1639340284407
REQUEST		Delete Post	1639340284181	1639340284438	OK	 
USER	Delete Post	END	1639340284439
REQUEST		Put Post	1639340284245	1639340284476	OK	 
USER	Put Post	END	1639340284477
USER	Get Post	START	1639340284517
USER	Put Post	START	1639340284517
USER	Delete Post	START	1639340284517
USER	Post new Post	START	1639340284585
REQUEST		Post new Post	1639340284315	1639340284586	OK	 
REQUEST		Post new Post	1639340284319	1639340284592	OK	 
REQUEST		Post new Post	1639340284251	1639340284594	OK	 
USER	Post new Post	END	1639340284594
REQUEST		Get Post	1639340284586	1639340284600	OK	 
USER	Get Post	END	1639340284600
REQUEST		Post new Post	1639340284315	1639340284631	OK	 
REQUEST		Put Post	1639340284379	1639340284639	OK	 
USER	Put Post	END	1639340284640
USER	Get Post	START	1639340284715
USER	Delete Post	START	1639340284715
USER	Put Post	START	1639340284715
REQUEST		Post new Post	1639340284517	1639340284776	OK	 
REQUEST		Post new Post	1639340284517	1639340284798	OK	 
REQUEST		Post new Post	1639340284517	1639340284838	OK	 
REQUEST		Delete Post	1639340284592	1639340284851	OK	 
USER	Delete Post	END	1639340284852
REQUEST		Put Post	1639340284632	1639340284863	OK	 
USER	Put Post	END	1639340284863
REQUEST		Post new Post	1639340284585	1639340284891	OK	 
USER	Post new Post	END	1639340284891
REQUEST		Get Post	1639340284839	1639340284900	OK	 
USER	Get Post	END	1639340284901
USER	Post new Post	START	1639340284916
USER	Put Post	START	1639340284916
USER	Get Post	START	1639340284916
USER	Delete Post	START	1639340284916
REQUEST		Post new Post	1639340284715	1639340284981	OK	 
REQUEST		Get Post	1639340284982	1639340284997	OK	 
USER	Get Post	END	1639340284997
REQUEST		Post new Post	1639340284715	1639340284997	OK	 
REQUEST		Delete Post	1639340284777	1639340285032	OK	 
USER	Delete Post	END	1639340285032
REQUEST		Post new Post	1639340284715	1639340285040	OK	 
REQUEST		Put Post	1639340284799	1639340285050	OK	 
USER	Put Post	END	1639340285051
USER	Delete Post	START	1639340285115
USER	Put Post	START	1639340285118
USER	Get Post	START	1639340285118
USER	Post new Post	START	1639340285167
REQUEST		Post new Post	1639340284916	1639340285176	OK	 
REQUEST		Get Post	1639340285177	1639340285188	OK	 
USER	Get Post	END	1639340285189
REQUEST		Post new Post	1639340284916	1639340285223	OK	 
REQUEST		Post new Post	1639340284916	1639340285232	OK	 
USER	Post new Post	END	1639340285233
REQUEST		Post new Post	1639340284916	1639340285247	OK	 
REQUEST		Put Post	1639340284998	1639340285248	OK	 
USER	Put Post	END	1639340285248
REQUEST		Delete Post	1639340285041	1639340285277	OK	 
USER	Delete Post	END	1639340285278
USER	Put Post	START	1639340285316
USER	Get Post	START	1639340285316
USER	Delete Post	START	1639340285316
REQUEST		Post new Post	1639340285119	1639340285387	OK	 
REQUEST		Post new Post	1639340285119	1639340285389	OK	 
REQUEST		Get Post	1639340285389	1639340285415	OK	 
USER	Post new Post	START	1639340285415
USER	Get Post	END	1639340285416
REQUEST		Post new Post	1639340285115	1639340285443	OK	 
REQUEST		Delete Post	1639340285224	1639340285445	OK	 
USER	Delete Post	END	1639340285445
REQUEST		Post new Post	1639340285167	1639340285466	OK	 
USER	Post new Post	END	1639340285466
REQUEST		Put Post	1639340285247	1639340285492	OK	 
USER	Put Post	END	1639340285493
USER	Get Post	START	1639340285518
USER	Put Post	START	1639340285518
USER	Delete Post	START	1639340285518
REQUEST		Post new Post	1639340284116	1639340285524	OK	 
REQUEST		Post new Post	1639340285316	1639340285580	OK	 
REQUEST		Post new Post	1639340285316	1639340285584	OK	 
REQUEST		Post new Post	1639340285316	1639340285591	OK	 
REQUEST		Get Post	1639340285591	1639340285602	OK	 
USER	Get Post	END	1639340285603
REQUEST		Put Post	1639340285388	1639340285638	OK	 
USER	Put Post	END	1639340285638
USER	Post new Post	START	1639340285665
REQUEST		Delete Post	1639340285443	1639340285689	OK	 
USER	Delete Post	END	1639340285690
USER	Put Post	START	1639340285716
USER	Get Post	START	1639340285716
USER	Delete Post	START	1639340285716
REQUEST		Post new Post	1639340285415	1639340285734	OK	 
USER	Post new Post	END	1639340285735
REQUEST		Delete Post	1639340285525	1639340285759	OK	 
USER	Delete Post	END	1639340285759
REQUEST		Delete Post	1639340285580	1639340285831	OK	 
USER	Delete Post	END	1639340285832
REQUEST		Put Post	1639340285584	1639340285839	OK	 
USER	Put Post	END	1639340285839
REQUEST		Post new Post	1639340285518	1639340285848	OK	 
REQUEST		Post new Post	1639340285518	1639340285848	OK	 
REQUEST		Post new Post	1639340285518	1639340285895	OK	 
USER	Delete Post	START	1639340285915
REQUEST		Get Post	1639340285896	1639340285916	OK	 
USER	Get Post	END	1639340285917
USER	Put Post	START	1639340285919
USER	Post new Post	START	1639340285919
USER	Get Post	START	1639340285919
REQUEST		Post new Post	1639340285716	1639340285984	OK	 
REQUEST		Post new Post	1639340285665	1639340285986	OK	 
USER	Post new Post	END	1639340285987
REQUEST		Get Post	1639340285985	1639340286000	OK	 
USER	Get Post	END	1639340286000
REQUEST		Post new Post	1639340285716	1639340286020	OK	 
REQUEST		Post new Post	1639340285716	1639340286029	OK	 
REQUEST		Put Post	1639340285848	1639340286076	OK	 
USER	Put Post	END	1639340286076
REQUEST		Delete Post	1639340285848	1639340286084	OK	 
USER	Delete Post	END	1639340286084
USER	Put Post	START	1639340286114
USER	Get Post	START	1639340286114
USER	Delete Post	START	1639340286114
REQUEST		Post new Post	1639340285919	1639340286203	OK	 
REQUEST		Get Post	1639340286204	1639340286215	OK	 
USER	Get Post	END	1639340286216
REQUEST		Post new Post	1639340285919	1639340286225	OK	 
USER	Post new Post	END	1639340286226
REQUEST		Post new Post	1639340285919	1639340286231	OK	 
REQUEST		Post new Post	1639340285915	1639340286248	OK	 
USER	Post new Post	START	1639340286251
REQUEST		Put Post	1639340286021	1639340286259	OK	 
USER	Put Post	END	1639340286260
REQUEST		Delete Post	1639340286030	1639340286261	OK	 
USER	Delete Post	END	1639340286261
USER	Get Post	START	1639340286319
USER	Delete Post	START	1639340286319
USER	Put Post	START	1639340286319
REQUEST		Post new Post	1639340286115	1639340286379	OK	 
REQUEST		Put Post	1639340286231	1639340286456	OK	 
USER	Put Post	END	1639340286456
REQUEST		Post new Post	1639340286115	1639340286457	OK	 
REQUEST		Delete Post	1639340286249	1639340286490	OK	 
USER	Delete Post	END	1639340286491
REQUEST		Post new Post	1639340286115	1639340286505	OK	 
REQUEST		Get Post	1639340286457	1639340286510	OK	 
USER	Get Post	END	1639340286510
USER	Delete Post	START	1639340286516
USER	Put Post	START	1639340286516
USER	Get Post	START	1639340286516
REQUEST		Post new Post	1639340286251	1639340286555	OK	 
USER	Post new Post	END	1639340286556
USER	Post new Post	START	1639340286580
REQUEST		Post new Post	1639340286319	1639340286585	OK	 
REQUEST		Post new Post	1639340286319	1639340286589	OK	 
REQUEST		Get Post	1639340286590	1639340286603	OK	 
REQUEST		Post new Post	1639340286319	1639340286603	OK	 
USER	Get Post	END	1639340286603
REQUEST		Put Post	1639340286379	1639340286639	OK	 
USER	Put Post	END	1639340286640
USER	Put Post	START	1639340286719
USER	Get Post	START	1639340286719
USER	Delete Post	START	1639340286719
REQUEST		Delete Post	1639340286505	1639340286745	OK	 
USER	Delete Post	END	1639340286746
REQUEST		Post new Post	1639340286516	1639340286803	OK	 
REQUEST		Post new Post	1639340286516	1639340286828	OK	 
REQUEST		Post new Post	1639340286516	1639340286839	OK	 
REQUEST		Put Post	1639340286586	1639340286844	OK	 
USER	Put Post	END	1639340286844
REQUEST		Delete Post	1639340286604	1639340286861	OK	 
USER	Delete Post	END	1639340286861
REQUEST		Post new Post	1639340286580	1639340286873	OK	 
USER	Post new Post	END	1639340286873
REQUEST		Get Post	1639340286839	1639340286884	OK	 
USER	Get Post	END	1639340286885
USER	Delete Post	START	1639340286919
USER	Post new Post	START	1639340286919
USER	Put Post	START	1639340286919
USER	Get Post	START	1639340286919
REQUEST		Post new Post	1639340286719	1639340286976	OK	 
REQUEST		Post new Post	1639340286719	1639340286987	OK	 
REQUEST		Get Post	1639340286977	1639340286995	OK	 
USER	Get Post	END	1639340286996
REQUEST		Delete Post	1639340286804	1639340287059	OK	 
USER	Delete Post	END	1639340287060
REQUEST		Put Post	1639340286829	1639340287072	OK	 
REQUEST		Post new Post	1639340286719	1639340287072	OK	 
USER	Put Post	END	1639340287072
USER	Put Post	START	1639340287115
USER	Delete Post	START	1639340287115
USER	Get Post	START	1639340287115
REQUEST		Post new Post	1639340286919	1639340287193	OK	 
REQUEST		Post new Post	1639340286919	1639340287234	OK	 
REQUEST		Post new Post	1639340286919	1639340287234	OK	 
USER	Post new Post	END	1639340287234
REQUEST		Delete Post	1639340286987	1639340287237	OK	 
USER	Delete Post	END	1639340287237
REQUEST		Post new Post	1639340286919	1639340287247	OK	 
USER	Post new Post	START	1639340287251
REQUEST		Get Post	1639340287234	1639340287282	OK	 
USER	Get Post	END	1639340287282
REQUEST		Put Post	1639340287072	1639340287297	OK	 
USER	Put Post	END	1639340287297
USER	Get Post	START	1639340287316
USER	Put Post	START	1639340287316
USER	Delete Post	START	1639340287316
REQUEST		Post new Post	1639340287115	1639340287381	OK	 
REQUEST		Get Post	1639340287382	1639340287391	OK	 
USER	Get Post	END	1639340287392
REQUEST		Post new Post	1639340287115	1639340287400	OK	 
REQUEST		Post new Post	1639340287115	1639340287430	OK	 
REQUEST		Put Post	1639340287194	1639340287450	OK	 
USER	Put Post	END	1639340287451
REQUEST		Delete Post	1639340287248	1639340287484	OK	 
USER	Delete Post	END	1639340287484
REQUEST		Post new Post	1639340287252	1639340287507	OK	 
USER	Post new Post	END	1639340287507
USER	Put Post	START	1639340287519
USER	Delete Post	START	1639340287519
USER	Get Post	START	1639340287519
USER	Post new Post	START	1639340287581
REQUEST		Post new Post	1639340287317	1639340287582	OK	 
REQUEST		Get Post	1639340287582	1639340287599	OK	 
USER	Get Post	END	1639340287600
REQUEST		Post new Post	1639340287317	1639340287640	OK	 
REQUEST		Delete Post	1639340287431	1639340287648	OK	 
USER	Delete Post	END	1639340287649
REQUEST		Put Post	1639340287401	1639340287656	OK	 
USER	Put Post	END	1639340287657
REQUEST		Post new Post	1639340287317	1639340287690	OK	 
USER	Get Post	START	1639340287719
USER	Delete Post	START	1639340287719
USER	Put Post	START	1639340287719
REQUEST		Post new Post	1639340287519	1639340287791	OK	 
REQUEST		Post new Post	1639340287519	1639340287832	OK	 
REQUEST		Post new Post	1639340287519	1639340287862	OK	 
REQUEST		Put Post	1639340287641	1639340287871	OK	 
USER	Put Post	END	1639340287872
REQUEST		Post new Post	1639340287581	1639340287879	OK	 
USER	Post new Post	END	1639340287879
USER	Post new Post	START	1639340287914
USER	Get Post	START	1639340287914
USER	Put Post	START	1639340287914
USER	Delete Post	START	1639340287915
REQUEST		Get Post	1639340287863	1639340287917	OK	 
USER	Get Post	END	1639340287918
REQUEST		Delete Post	1639340287690	1639340287932	OK	 
USER	Delete Post	END	1639340287933
REQUEST		Post new Post	1639340287719	1639340287987	OK	 
REQUEST		Post new Post	1639340287719	1639340287997	OK	 
REQUEST		Get Post	1639340287988	1639340287998	OK	 
USER	Get Post	END	1639340287998
REQUEST		Post new Post	1639340287719	1639340288044	OK	 
REQUEST		Delete Post	1639340287792	1639340288050	OK	 
USER	Delete Post	END	1639340288051
REQUEST		Put Post	1639340287833	1639340288072	OK	 
USER	Put Post	END	1639340288073
USER	Put Post	START	1639340288116
USER	Get Post	START	1639340288116
USER	Delete Post	START	1639340288116
USER	Post new Post	START	1639340288166
REQUEST		Post new Post	1639340287915	1639340288173	OK	 
USER	Post new Post	END	1639340288174
REQUEST		Post new Post	1639340287915	1639340288233	OK	 
REQUEST		Put Post	1639340287998	1639340288255	OK	 
USER	Put Post	END	1639340288255
REQUEST		Post new Post	1639340287915	1639340288263	OK	 
REQUEST		Delete Post	1639340288045	1639340288287	OK	 
USER	Delete Post	END	1639340288287
REQUEST		Get Post	1639340288234	1639340288297	OK	 
USER	Get Post	END	1639340288298
USER	Delete Post	START	1639340288314
USER	Put Post	START	1639340288314
USER	Get Post	START	1639340288319
REQUEST		Post new Post	1639340288116	1639340288381	OK	 
USER	Post new Post	START	1639340288415
REQUEST		Post new Post	1639340288116	1639340288435	OK	 
REQUEST		Post new Post	1639340288166	1639340288438	OK	 
USER	Post new Post	END	1639340288438
REQUEST		Post new Post	1639340288116	1639340288448	OK	 
REQUEST		Get Post	1639340288436	1639340288494	OK	 
REQUEST		Put Post	1639340288264	1639340288495	OK	 
USER	Get Post	END	1639340288495
USER	Put Post	END	1639340288495
USER	Put Post	START	1639340288513
USER	Delete Post	START	1639340288513
USER	Get Post	START	1639340288514
REQUEST		Post new Post	1639340287915	1639340288526	OK	 
REQUEST		Post new Post	1639340288314	1639340288580	OK	 
REQUEST		Post new Post	1639340288319	1639340288581	OK	 
REQUEST		Delete Post	1639340288382	1639340288633	OK	 
REQUEST		Post new Post	1639340288314	1639340288633	OK	 
USER	Delete Post	END	1639340288634
USER	Post new Post	START	1639340288666
REQUEST		Put Post	1639340288449	1639340288670	OK	 
USER	Put Post	END	1639340288670
REQUEST		Post new Post	1639340288415	1639340288680	OK	 
USER	Post new Post	END	1639340288680
USER	Delete Post	START	1639340288717
USER	Get Post	START	1639340288717
USER	Put Post	START	1639340288717
REQUEST		Get Post	1639340288582	1639340288718	OK	 
USER	Get Post	END	1639340288718
REQUEST		Delete Post	1639340288527	1639340288748	OK	 
USER	Delete Post	END	1639340288748
REQUEST		Post new Post	1639340288513	1639340288781	OK	 
REQUEST		Post new Post	1639340288513	1639340288834	OK	 
REQUEST		Delete Post	1639340288581	1639340288839	OK	 
USER	Delete Post	END	1639340288839
REQUEST		Post new Post	1639340288514	1639340288848	OK	 
REQUEST		Put Post	1639340288634	1639340288874	OK	 
USER	Put Post	END	1639340288875
REQUEST		Get Post	1639340288848	1639340288900	OK	 
USER	Get Post	END	1639340288900
USER	Delete Post	START	1639340288916
USER	Post new Post	START	1639340288916
USER	Get Post	START	1639340288916
USER	Put Post	START	1639340288916
REQUEST		Post new Post	1639340288718	1639340288981	OK	 
REQUEST		Post new Post	1639340288666	1639340288998	OK	 
USER	Post new Post	END	1639340288998
REQUEST		Post new Post	1639340288718	1639340289021	OK	 
REQUEST		Delete Post	1639340288782	1639340289039	OK	 
REQUEST		Post new Post	1639340288718	1639340289039	OK	 
USER	Delete Post	END	1639340289040
REQUEST		Put Post	1639340288835	1639340289066	OK	 
USER	Put Post	END	1639340289067
REQUEST		Get Post	1639340289040	1639340289096	OK	 
USER	Get Post	END	1639340289097
USER	Delete Post	START	1639340289118
USER	Get Post	START	1639340289118
USER	Put Post	START	1639340289118
REQUEST		Post new Post	1639340288916	1639340289194	OK	 
REQUEST		Get Post	1639340289194	1639340289208	OK	 
USER	Get Post	END	1639340289208
REQUEST		Post new Post	1639340288916	1639340289226	OK	 
USER	Post new Post	END	1639340289227
REQUEST		Post new Post	1639340288916	1639340289229	OK	 
USER	Post new Post	START	1639340289248
REQUEST		Post new Post	1639340288916	1639340289251	OK	 
REQUEST		Put Post	1639340289022	1639340289255	OK	 
USER	Put Post	END	1639340289256
REQUEST		Delete Post	1639340288982	1639340289267	OK	 
USER	Delete Post	END	1639340289268
USER	Get Post	START	1639340289314
USER	Delete Post	START	1639340289314
USER	Put Post	START	1639340289314
REQUEST		Post new Post	1639340289118	1639340289375	OK	 
REQUEST		Get Post	1639340289375	1639340289385	OK	 
USER	Get Post	END	1639340289386
REQUEST		Post new Post	1639340289118	1639340289392	OK	 
REQUEST		Post new Post	1639340289118	1639340289419	OK	 
REQUEST		Put Post	1639340289230	1639340289455	OK	 
USER	Put Post	END	1639340289456
REQUEST		Delete Post	1639340289251	1639340289476	OK	 
USER	Delete Post	END	1639340289476
REQUEST		Post new Post	1639340289248	1639340289509	OK	 
USER	Post new Post	END	1639340289510
USER	Delete Post	START	1639340289518
USER	Get Post	START	1639340289518
USER	Put Post	START	1639340289518
REQUEST		Post new Post	1639340289314	1639340289575	OK	 
USER	Post new Post	START	1639340289582
REQUEST		Post new Post	1639340289314	1639340289635	OK	 
REQUEST		Post new Post	1639340289314	1639340289638	OK	 
REQUEST		Delete Post	1639340289420	1639340289652	OK	 
USER	Delete Post	END	1639340289653
REQUEST		Put Post	1639340289393	1639340289654	OK	 
USER	Put Post	END	1639340289655
REQUEST		Get Post	1639340289636	1639340289714	OK	 
USER	Get Post	END	1639340289715
USER	Get Post	START	1639340289716
USER	Delete Post	START	1639340289716
USER	Put Post	START	1639340289716
REQUEST		Post new Post	1639340289518	1639340289777	OK	 
REQUEST		Post new Post	1639340289518	1639340289780	OK	 
REQUEST		Get Post	1639340289777	1639340289802	OK	 
USER	Get Post	END	1639340289802
REQUEST		Post new Post	1639340289518	1639340289837	OK	 
REQUEST		Put Post	1639340289576	1639340289838	OK	 
USER	Put Post	END	1639340289839
REQUEST		Delete Post	1639340289638	1639340289865	OK	 
USER	Delete Post	END	1639340289865
REQUEST		Post new Post	1639340289582	1639340289902	OK	 
USER	Post new Post	END	1639340289903
USER	Delete Post	START	1639340289918
USER	Put Post	START	1639340289919
USER	Get Post	START	1639340289919
USER	Post new Post	START	1639340289919
REQUEST		Post new Post	1639340289716	1639340289995	OK	 
REQUEST		Post new Post	1639340289716	1639340290004	OK	 
REQUEST		Post new Post	1639340289716	1639340290008	OK	 
REQUEST		Get Post	1639340290004	1639340290018	OK	 
USER	Get Post	END	1639340290019
REQUEST		Put Post	1639340289781	1639340290038	OK	 
USER	Put Post	END	1639340290038
REQUEST		Delete Post	1639340289838	1639340290065	OK	 
USER	Delete Post	END	1639340290065
USER	Get Post	START	1639340290117
USER	Delete Post	START	1639340290117
USER	Put Post	START	1639340290117
REQUEST		Post new Post	1639340289919	1639340290178	OK	 
REQUEST		Post new Post	1639340289919	1639340290188	OK	 
USER	Post new Post	END	1639340290188
REQUEST		Post new Post	1639340289919	1639340290188	OK	 
REQUEST		Post new Post	1639340289919	1639340290236	OK	 
USER	Post new Post	START	1639340290249
REQUEST		Delete Post	1639340289996	1639340290258	OK	 
REQUEST		Put Post	1639340290009	1639340290258	OK	 
USER	Delete Post	END	1639340290259
USER	Put Post	END	1639340290259
REQUEST		Get Post	1639340290236	1639340290283	OK	 
USER	Get Post	END	1639340290284
USER	Delete Post	START	1639340290316
USER	Put Post	START	1639340290316
USER	Get Post	START	1639340290316
REQUEST		Post new Post	1639340290117	1639340290385	OK	 
REQUEST		Post new Post	1639340290117	1639340290427	OK	 
REQUEST		Put Post	1639340290179	1639340290430	OK	 
USER	Put Post	END	1639340290431
REQUEST		Post new Post	1639340290117	1639340290437	OK	 
REQUEST		Delete Post	1639340290189	1639340290459	OK	 
USER	Delete Post	END	1639340290460
REQUEST		Get Post	1639340290427	1639340290478	OK	 
USER	Get Post	END	1639340290479
USER	Delete Post	START	1639340290516
USER	Get Post	START	1639340290516
USER	Put Post	START	1639340290516
REQUEST		Post new Post	1639340290250	1639340290521	OK	 
USER	Post new Post	END	1639340290522
USER	Post new Post	START	1639340290582
REQUEST		Post new Post	1639340290316	1639340290586	OK	 
REQUEST		Post new Post	1639340290316	1639340290597	OK	 
REQUEST		Put Post	1639340290386	1639340290636	OK	 
USER	Put Post	END	1639340290637
REQUEST		Post new Post	1639340290316	1639340290643	OK	 
REQUEST		Delete Post	1639340290438	1639340290668	OK	 
USER	Delete Post	END	1639340290669
REQUEST		Get Post	1639340290643	1639340290691	OK	 
USER	Get Post	END	1639340290691
USER	Put Post	START	1639340290719
USER	Delete Post	START	1639340290719
USER	Get Post	START	1639340290719
REQUEST		Post new Post	1639340290516	1639340290830	OK	 
REQUEST		Post new Post	1639340290516	1639340290831	OK	 
REQUEST		Post new Post	1639340290516	1639340290834	OK	 
REQUEST		Delete Post	1639340290586	1639340290844	OK	 
USER	Delete Post	END	1639340290844
REQUEST		Put Post	1639340290597	1639340290867	OK	 
USER	Put Post	END	1639340290868
REQUEST		Get Post	1639340290834	1639340290888	OK	 
USER	Get Post	END	1639340290888
REQUEST		Post new Post	1639340290583	1639340290907	OK	 
USER	Post new Post	END	1639340290907
USER	Delete Post	START	1639340290915
USER	Post new Post	START	1639340290915
USER	Get Post	START	1639340290915
USER	Put Post	START	1639340290915
REQUEST		Post new Post	1639340290719	1639340291041	OK	 
REQUEST		Post new Post	1639340290719	1639340291057	OK	 
REQUEST		Post new Post	1639340290719	1639340291062	OK	 
REQUEST		Put Post	1639340290831	1639340291071	OK	 
USER	Put Post	END	1639340291071
REQUEST		Delete Post	1639340290831	1639340291081	OK	 
USER	Delete Post	END	1639340291082
REQUEST		Get Post	1639340291062	1639340291110	OK	 
USER	Get Post	END	1639340291110
USER	Put Post	START	1639340291113
USER	Delete Post	START	1639340291113
USER	Get Post	START	1639340291118
USER	Post new Post	START	1639340291167
REQUEST		Post new Post	1639340290915	1639340291186	OK	 
USER	Post new Post	END	1639340291186
REQUEST		Post new Post	1639340290915	1639340291189	OK	 
REQUEST		Get Post	1639340291190	1639340291203	OK	 
USER	Get Post	END	1639340291203
REQUEST		Post new Post	1639340290915	1639340291225	OK	 
REQUEST		Post new Post	1639340290915	1639340291240	OK	 
REQUEST		Delete Post	1639340291042	1639340291270	OK	 
USER	Delete Post	END	1639340291271
REQUEST		Put Post	1639340291058	1639340291283	OK	 
USER	Put Post	END	1639340291283
USER	Put Post	START	1639340291317
USER	Get Post	START	1639340291317
USER	Delete Post	START	1639340291317
REQUEST		Post new Post	1639340291118	1639340291404	OK	 
REQUEST		Get Post	1639340291405	1639340291415	OK	 
USER	Get Post	END	1639340291416
USER	Post new Post	START	1639340291417
REQUEST		Post new Post	1639340291167	1639340291428	OK	 
USER	Post new Post	END	1639340291429
REQUEST		Post new Post	1639340291113	1639340291434	OK	 
REQUEST		Post new Post	1639340291113	1639340291439	OK	 
REQUEST		Delete Post	1639340291241	1639340291462	OK	 
USER	Delete Post	END	1639340291463
REQUEST		Put Post	1639340291226	1639340291464	OK	 
USER	Put Post	END	1639340291465
USER	Delete Post	START	1639340291516
USER	Put Post	START	1639340291516
USER	Get Post	START	1639340291516
REQUEST		Post new Post	1639340291317	1639340291586	OK	 
REQUEST		Post new Post	1639340291317	1639340291623	OK	 
REQUEST		Post new Post	1639340291317	1639340291658	OK	 
REQUEST		Delete Post	1639340291434	1639340291661	OK	 
USER	Delete Post	END	1639340291662
USER	Post new Post	START	1639340291668
REQUEST		Put Post	1639340291440	1639340291688	OK	 
USER	Put Post	END	1639340291689
REQUEST		Get Post	1639340291658	1639340291710	OK	 
USER	Get Post	END	1639340291710
USER	Put Post	START	1639340291716
USER	Delete Post	START	1639340291716
USER	Get Post	START	1639340291716
REQUEST		Post new Post	1639340291417	1639340291756	OK	 
USER	Post new Post	END	1639340291757
REQUEST		Post new Post	1639340291517	1639340291781	OK	 
REQUEST		Post new Post	1639340291517	1639340291800	OK	 
REQUEST		Delete Post	1639340291586	1639340291836	OK	 
USER	Delete Post	END	1639340291837
REQUEST		Post new Post	1639340291517	1639340291863	OK	 
REQUEST		Put Post	1639340291623	1639340291867	OK	 
USER	Put Post	END	1639340291867
USER	Post new Post	START	1639340291917
USER	Put Post	START	1639340291917
USER	Delete Post	START	1639340291917
USER	Get Post	START	1639340291917
REQUEST		Get Post	1639340291863	1639340291917	OK	 
USER	Get Post	END	1639340291918
REQUEST		Post new Post	1639340291717	1639340291987	OK	 
REQUEST		Post new Post	1639340291717	1639340291987	OK	 
REQUEST		Get Post	1639340291987	1639340291997	OK	 
USER	Get Post	END	1639340291998
REQUEST		Post new Post	1639340291668	1639340292030	OK	 
USER	Post new Post	END	1639340292030
REQUEST		Post new Post	1639340291717	1639340292044	OK	 
REQUEST		Delete Post	1639340291781	1639340292046	OK	 
USER	Delete Post	END	1639340292047
REQUEST		Put Post	1639340291800	1639340292056	OK	 
USER	Put Post	END	1639340292057
USER	Get Post	START	1639340292116
USER	Delete Post	START	1639340292116
USER	Put Post	START	1639340292116
REQUEST		Post new Post	1639340291917	1639340292177	OK	 
USER	Post new Post	END	1639340292178
REQUEST		Post new Post	1639340291917	1639340292178	OK	 
REQUEST		Post new Post	1639340291917	1639340292178	OK	 
REQUEST		Get Post	1639340292178	1639340292186	OK	 
USER	Get Post	END	1639340292187
REQUEST		Post new Post	1639340291917	1639340292221	OK	 
REQUEST		Put Post	1639340291987	1639340292242	OK	 
USER	Put Post	END	1639340292242
USER	Post new Post	START	1639340292250
REQUEST		Delete Post	1639340292044	1639340292277	OK	 
USER	Delete Post	END	1639340292277
USER	Get Post	START	1639340292318
USER	Put Post	START	1639340292318
USER	Delete Post	START	1639340292318
REQUEST		Post new Post	1639340292117	1639340292423	OK	 
REQUEST		Put Post	1639340292178	1639340292435	OK	 
USER	Put Post	END	1639340292436
REQUEST		Post new Post	1639340292117	1639340292438	OK	 
REQUEST		Delete Post	1639340292221	1639340292449	OK	 
USER	Delete Post	END	1639340292449
REQUEST		Post new Post	1639340292117	1639340292451	OK	 
USER	Get Post	START	1639340292518
USER	Delete Post	START	1639340292518
USER	Put Post	START	1639340292518
REQUEST		Get Post	1639340292452	1639340292526	OK	 
USER	Get Post	END	1639340292527
USER	Post new Post	START	1639340292585
REQUEST		Post new Post	1639340292250	1639340292589	OK	 
USER	Post new Post	END	1639340292589
REQUEST		Post new Post	1639340292318	1639340292631	OK	 
REQUEST		Post new Post	1639340292318	1639340292640	OK	 
REQUEST		Post new Post	1639340292318	1639340292648	OK	 
REQUEST		Put Post	1639340292424	1639340292649	OK	 
USER	Put Post	END	1639340292649
REQUEST		Delete Post	1639340292438	1639340292670	OK	 
USER	Delete Post	END	1639340292671
REQUEST		Get Post	1639340292641	1639340292687	OK	 
USER	Get Post	END	1639340292687
USER	Put Post	START	1639340292714
USER	Get Post	START	1639340292714
USER	Delete Post	START	1639340292714
REQUEST		Post new Post	1639340292518	1639340292828	OK	 
REQUEST		Post new Post	1639340292518	1639340292843	OK	 
REQUEST		Post new Post	1639340292518	1639340292846	OK	 
REQUEST		Put Post	1639340292631	1639340292868	OK	 
USER	Put Post	END	1639340292868
REQUEST		Post new Post	1639340292585	1639340292873	OK	 
USER	Post new Post	END	1639340292873
REQUEST		Delete Post	1639340292649	1639340292874	OK	 
USER	Delete Post	END	1639340292874
REQUEST		Get Post	1639340292828	1639340292878	OK	 
USER	Get Post	END	1639340292879
USER	Put Post	START	1639340292918
USER	Delete Post	START	1639340292918
USER	Get Post	START	1639340292918
USER	Post new Post	START	1639340292918
REQUEST		Post new Post	1639340292714	1639340292967	OK	 
REQUEST		Post new Post	1639340292714	1639340292984	OK	 
REQUEST		Get Post	1639340292984	1639340292994	OK	 
USER	Get Post	END	1639340292994
REQUEST		Post new Post	1639340292715	1639340293034	OK	 
REQUEST		Delete Post	1639340292846	1639340293074	OK	 
USER	Delete Post	END	1639340293074
REQUEST		Put Post	1639340292844	1639340293077	OK	 
USER	Put Post	END	1639340293077
USER	Put Post	START	1639340293118
USER	Get Post	START	1639340293118
USER	Delete Post	START	1639340293118
REQUEST		Post new Post	1639340292918	1639340293177	OK	 
REQUEST		Post new Post	1639340292918	1639340293182	OK	 
REQUEST		Post new Post	1639340292918	1639340293193	OK	 
REQUEST		Get Post	1639340293182	1639340293198	OK	 
USER	Get Post	END	1639340293199
REQUEST		Put Post	1639340292968	1639340293214	OK	 
USER	Put Post	END	1639340293214
REQUEST		Post new Post	1639340292918	1639340293249	OK	 
USER	Post new Post	END	1639340293249
USER	Post new Post	START	1639340293251
REQUEST		Delete Post	1639340293035	1639340293263	OK	 
USER	Delete Post	END	1639340293263
USER	Put Post	START	1639340293318
USER	Delete Post	START	1639340293318
USER	Get Post	START	1639340293318
REQUEST		Post new Post	1639340293119	1639340293383	OK	 
REQUEST		Post new Post	1639340293119	1639340293419	OK	 
REQUEST		Delete Post	1639340293177	1639340293429	OK	 
USER	Delete Post	END	1639340293429
REQUEST		Put Post	1639340293193	1639340293449	OK	 
USER	Put Post	END	1639340293449
REQUEST		Post new Post	1639340293119	1639340293449	OK	 
REQUEST		Get Post	1639340293419	1639340293465	OK	 
USER	Get Post	END	1639340293465
REQUEST		Post new Post	1639340293251	1639340293511	OK	 
USER	Post new Post	END	1639340293512
USER	Get Post	START	1639340293518
USER	Put Post	START	1639340293518
USER	Delete Post	START	1639340293518
USER	Post new Post	START	1639340293580
REQUEST		Post new Post	1639340293318	1639340293587	OK	 
REQUEST		Get Post	1639340293588	1639340293598	OK	 
USER	Get Post	END	1639340293598
REQUEST		Post new Post	1639340293318	1639340293620	OK	 
REQUEST		Put Post	1639340293384	1639340293636	OK	 
USER	Put Post	END	1639340293636
REQUEST		Post new Post	1639340293318	1639340293648	OK	 
REQUEST		Delete Post	1639340293450	1639340293702	OK	 
USER	Delete Post	END	1639340293703
USER	Delete Post	START	1639340293718
USER	Put Post	START	1639340293718
USER	Get Post	START	1639340293718
REQUEST		Post new Post	1639340293518	1639340293771	OK	 
REQUEST		Get Post	1639340293771	1639340293780	OK	 
USER	Get Post	END	1639340293780
REQUEST		Post new Post	1639340293518	1639340293781	OK	 
REQUEST		Post new Post	1639340293518	1639340293823	OK	 
REQUEST		Delete Post	1639340293620	1639340293864	OK	 
USER	Delete Post	END	1639340293865
REQUEST		Put Post	1639340293648	1639340293874	OK	 
USER	Put Post	END	1639340293874
REQUEST		Post new Post	1639340293580	1639340293883	OK	 
USER	Post new Post	END	1639340293883
REQUEST		Post new Post	1639340293718	1639340294021	OK	 
REQUEST		Post new Post	1639340293718	1639340294023	OK	 
REQUEST		Post new Post	1639340293718	1639340294023	OK	 
REQUEST		Put Post	1639340293781	1639340294035	OK	 
USER	Put Post	END	1639340294035
REQUEST		Delete Post	1639340293823	1639340294058	OK	 
USER	Delete Post	END	1639340294059
REQUEST		Get Post	1639340294021	1639340294068	OK	 
USER	Get Post	END	1639340294068
REQUEST		Put Post	1639340294024	1639340294251	OK	 
USER	Put Post	END	1639340294251
REQUEST		Delete Post	1639340294024	1639340294261	OK	 
USER	Delete Post	END	1639340294261
REQUEST		Post new Post	1639340282115	1639340298070	OK	 
REQUEST		Get Post	1639340298070	1639340298119	OK	 
USER	Get Post	END	1639340298120
