RUN	main.UserSimulation	usersimulation	1639337922554	Tests	3.7.2
USER	Put Post	START	1639337923443
USER	Delete Post	START	1639337923444
USER	Get Post	START	1639337923442
USER	Post new Post	START	1639337923442
REQUEST		Post new Post	1639337923467	1639337923791	OK	 
USER	Post new Post	END	1639337923807
REQUEST		Post new Post	1639337923467	1639337923808	OK	 
REQUEST		Post new Post	1639337923467	1639337923799	OK	 
REQUEST		Post new Post	1639337923467	1639337923806	OK	 
REQUEST		Get Post	1639337923832	1639337923882	OK	 
USER	Get Post	END	1639337923883
REQUEST		Delete Post	1639337923834	1639337924077	OK	 
USER	Delete Post	END	1639337924078
REQUEST		Put Post	1639337923832	1639337924089	OK	 
USER	Put Post	END	1639337924090
USER	Get Post	START	1639337925435
USER	Post new Post	START	1639337925435
USER	Delete Post	START	1639337925435
USER	Put Post	START	1639337925435
REQUEST		Post new Post	1639337925436	1639337925727	OK	 
REQUEST		Post new Post	1639337925436	1639337925756	OK	 
USER	Post new Post	END	1639337925758
REQUEST		Post new Post	1639337925436	1639337925766	OK	 
REQUEST		Post new Post	1639337925436	1639337925774	OK	 
REQUEST		Get Post	1639337925728	1639337925987	OK	 
USER	Get Post	END	1639337925989
REQUEST		Put Post	1639337925767	1639337925996	OK	 
USER	Put Post	END	1639337925997
REQUEST		Delete Post	1639337925776	1639337926025	OK	 
USER	Delete Post	END	1639337926026
USER	Get Post	START	1639337927437
USER	Put Post	START	1639337927437
USER	Post new Post	START	1639337927437
USER	Delete Post	START	1639337927437
REQUEST		Post new Post	1639337927437	1639337927757	OK	 
REQUEST		Post new Post	1639337927437	1639337927766	OK	 
REQUEST		Post new Post	1639337927437	1639337927766	OK	 
USER	Post new Post	END	1639337927767
REQUEST		Post new Post	1639337927437	1639337927816	OK	 
REQUEST		Get Post	1639337927758	1639337927823	OK	 
USER	Get Post	END	1639337927824
REQUEST		Put Post	1639337927767	1639337927996	OK	 
USER	Put Post	END	1639337927997
REQUEST		Delete Post	1639337927817	1639337928044	OK	 
USER	Delete Post	END	1639337928045
USER	Put Post	START	1639337929435
USER	Post new Post	START	1639337929435
USER	Delete Post	START	1639337929435
USER	Get Post	START	1639337929435
REQUEST		Post new Post	1639337929436	1639337929756	OK	 
USER	Post new Post	END	1639337929757
REQUEST		Post new Post	1639337929436	1639337929760	OK	 
REQUEST		Post new Post	1639337929436	1639337929763	OK	 
REQUEST		Get Post	1639337929764	1639337929791	OK	 
USER	Get Post	END	1639337929792
REQUEST		Post new Post	1639337929436	1639337929793	OK	 
REQUEST		Delete Post	1639337929761	1639337929992	OK	 
USER	Delete Post	END	1639337929994
REQUEST		Put Post	1639337929794	1639337930045	OK	 
USER	Put Post	END	1639337930046
USER	Get Post	START	1639337931432
USER	Put Post	START	1639337931432
USER	Delete Post	START	1639337931432
USER	Post new Post	START	1639337931432
REQUEST		Post new Post	1639337931433	1639337931702	OK	 
USER	Post new Post	END	1639337931703
REQUEST		Post new Post	1639337931433	1639337931703	OK	 
REQUEST		Post new Post	1639337931433	1639337931703	OK	 
REQUEST		Get Post	1639337931705	1639337931723	OK	 
USER	Get Post	END	1639337931724
REQUEST		Post new Post	1639337931433	1639337931755	OK	 
REQUEST		Put Post	1639337931704	1639337931967	OK	 
USER	Put Post	END	1639337931968
REQUEST		Delete Post	1639337931756	1639337932005	OK	 
USER	Delete Post	END	1639337932006
USER	Put Post	START	1639337933434
USER	Get Post	START	1639337933436
USER	Post new Post	START	1639337933436
USER	Delete Post	START	1639337933436
REQUEST		Post new Post	1639337933436	1639337933703	OK	 
REQUEST		Post new Post	1639337933436	1639337933747	OK	 
USER	Post new Post	END	1639337933748
REQUEST		Post new Post	1639337933434	1639337933757	OK	 
REQUEST		Post new Post	1639337933436	1639337933760	OK	 
REQUEST		Get Post	1639337933760	1639337933807	OK	 
USER	Get Post	END	1639337933808
REQUEST		Delete Post	1639337933705	1639337933964	OK	 
USER	Delete Post	END	1639337933965
REQUEST		Put Post	1639337933759	1639337934020	OK	 
USER	Put Post	END	1639337934021
USER	Delete Post	START	1639337935434
USER	Get Post	START	1639337935435
USER	Post new Post	START	1639337935434
USER	Put Post	START	1639337935434
REQUEST		Post new Post	1639337935435	1639337935738	OK	 
REQUEST		Post new Post	1639337935435	1639337935761	OK	 
REQUEST		Get Post	1639337935744	1639337935763	OK	 
USER	Get Post	END	1639337935763
REQUEST		Post new Post	1639337935435	1639337935766	OK	 
USER	Post new Post	END	1639337935767
REQUEST		Post new Post	1639337935435	1639337935777	OK	 
REQUEST		Put Post	1639337935762	1639337935999	OK	 
USER	Put Post	END	1639337936001
REQUEST		Delete Post	1639337935778	1639337936106	OK	 
USER	Delete Post	END	1639337936107
USER	Delete Post	START	1639337937435
USER	Post new Post	START	1639337937435
USER	Put Post	START	1639337937435
USER	Get Post	START	1639337937435
REQUEST		Post new Post	1639337937436	1639337937763	OK	 
REQUEST		Post new Post	1639337937436	1639337937763	OK	 
REQUEST		Post new Post	1639337937436	1639337937781	OK	 
USER	Post new Post	END	1639337937782
REQUEST		Post new Post	1639337937436	1639337937786	OK	 
REQUEST		Get Post	1639337937787	1639337937807	OK	 
USER	Get Post	END	1639337937808
REQUEST		Delete Post	1639337937764	1639337937991	OK	 
USER	Delete Post	END	1639337937992
REQUEST		Put Post	1639337937764	1639337938011	OK	 
USER	Put Post	END	1639337938012
USER	Post new Post	START	1639337939437
USER	Get Post	START	1639337939437
USER	Delete Post	START	1639337939437
USER	Put Post	START	1639337939437
REQUEST		Post new Post	1639337939437	1639337939713	OK	 
REQUEST		Post new Post	1639337939437	1639337939726	OK	 
REQUEST		Get Post	1639337939714	1639337939727	OK	 
USER	Get Post	END	1639337939728
REQUEST		Post new Post	1639337939437	1639337939749	OK	 
USER	Post new Post	END	1639337939750
REQUEST		Post new Post	1639337939437	1639337939762	OK	 
REQUEST		Put Post	1639337939763	1639337939985	OK	 
USER	Put Post	END	1639337939986
REQUEST		Delete Post	1639337939728	1639337939988	OK	 
USER	Delete Post	END	1639337939989
USER	Get Post	START	1639337941434
USER	Put Post	START	1639337941434
USER	Post new Post	START	1639337941435
USER	Delete Post	START	1639337941436
REQUEST		Post new Post	1639337941436	1639337941741	OK	 
USER	Post new Post	END	1639337941742
REQUEST		Post new Post	1639337941436	1639337941756	OK	 
REQUEST		Post new Post	1639337941435	1639337941774	OK	 
REQUEST		Post new Post	1639337941435	1639337941789	OK	 
REQUEST		Get Post	1639337941775	1639337941803	OK	 
USER	Get Post	END	1639337941804
REQUEST		Delete Post	1639337941757	1639337941994	OK	 
USER	Delete Post	END	1639337941995
REQUEST		Put Post	1639337941790	1639337942034	OK	 
USER	Put Post	END	1639337942035
USER	Delete Post	START	1639337943433
USER	Get Post	START	1639337943433
USER	Post new Post	START	1639337943434
USER	Put Post	START	1639337943434
REQUEST		Post new Post	1639337943434	1639337943707	OK	 
REQUEST		Post new Post	1639337943434	1639337943744	OK	 
REQUEST		Post new Post	1639337943434	1639337943756	OK	 
REQUEST		Post new Post	1639337943434	1639337943764	OK	 
USER	Post new Post	END	1639337943765
REQUEST		Get Post	1639337943745	1639337943790	OK	 
USER	Get Post	END	1639337943791
REQUEST		Delete Post	1639337943757	1639337943997	OK	 
USER	Delete Post	END	1639337943997
REQUEST		Put Post	1639337943708	1639337944007	OK	 
USER	Put Post	END	1639337944008
USER	Get Post	START	1639337945437
USER	Post new Post	START	1639337945437
USER	Delete Post	START	1639337945437
USER	Put Post	START	1639337945437
REQUEST		Post new Post	1639337945438	1639337945746	OK	 
REQUEST		Post new Post	1639337945438	1639337945755	OK	 
USER	Post new Post	END	1639337945756
REQUEST		Post new Post	1639337945438	1639337945766	OK	 
REQUEST		Post new Post	1639337945438	1639337945803	OK	 
REQUEST		Get Post	1639337945767	1639337945815	OK	 
USER	Get Post	END	1639337945816
REQUEST		Delete Post	1639337945748	1639337946001	OK	 
USER	Delete Post	END	1639337946002
REQUEST		Put Post	1639337945804	1639337946028	OK	 
USER	Put Post	END	1639337946029
USER	Put Post	START	1639337947435
USER	Post new Post	START	1639337947435
USER	Delete Post	START	1639337947437
USER	Get Post	START	1639337947437
REQUEST		Post new Post	1639337947437	1639337947693	OK	 
REQUEST		Post new Post	1639337947436	1639337947752	OK	 
USER	Post new Post	END	1639337947753
REQUEST		Post new Post	1639337947436	1639337947760	OK	 
REQUEST		Post new Post	1639337947437	1639337947779	OK	 
REQUEST		Get Post	1639337947780	1639337947843	OK	 
USER	Get Post	END	1639337947844
REQUEST		Delete Post	1639337947694	1639337947949	OK	 
USER	Delete Post	END	1639337947950
REQUEST		Put Post	1639337947761	1639337947998	OK	 
USER	Put Post	END	1639337947999
USER	Put Post	START	1639337949432
USER	Delete Post	START	1639337949432
USER	Get Post	START	1639337949433
USER	Post new Post	START	1639337949433
REQUEST		Post new Post	1639337949433	1639337949697	OK	 
USER	Post new Post	END	1639337949698
REQUEST		Post new Post	1639337949433	1639337949723	OK	 
REQUEST		Post new Post	1639337949433	1639337949750	OK	 
REQUEST		Post new Post	1639337949433	1639337949759	OK	 
REQUEST		Get Post	1639337949760	1639337949812	OK	 
USER	Get Post	END	1639337949813
REQUEST		Delete Post	1639337949751	1639337949973	OK	 
USER	Delete Post	END	1639337949974
REQUEST		Put Post	1639337949724	1639337949982	OK	 
USER	Put Post	END	1639337949983
USER	Get Post	START	1639337951434
USER	Put Post	START	1639337951434
USER	Delete Post	START	1639337951434
USER	Post new Post	START	1639337951435
REQUEST		Post new Post	1639337951435	1639337951734	OK	 
REQUEST		Post new Post	1639337951435	1639337951735	OK	 
REQUEST		Post new Post	1639337951435	1639337951752	OK	 
REQUEST		Post new Post	1639337951436	1639337951776	OK	 
USER	Post new Post	END	1639337951776
REQUEST		Get Post	1639337951753	1639337951804	OK	 
USER	Get Post	END	1639337951805
REQUEST		Put Post	1639337951736	1639337951985	OK	 
USER	Put Post	END	1639337951986
REQUEST		Delete Post	1639337951736	1639337951988	OK	 
USER	Delete Post	END	1639337951989
